C:\Users\jchance7\Documents\SeniorProject\HLS\SP_CNN\solution1\.autopilot\db\activation.pp.0.cc:4710:7: warning: Added loop label VITIS_LOOP_1213_1:   [xilinx-label-all-loops]
      for (i = 0; i < __N - 1; ++i) {
      ^~~
      VITIS_LOOP_1213_1: 
C:\Users\jchance7\Documents\SeniorProject\HLS\SP_CNN\solution1\.autopilot\db\activation.pp.0.cc:4710:7: note: FIX-IT applied suggested code changes
C:\Users\jchance7\Documents\SeniorProject\HLS\SP_CNN\solution1\.autopilot\db\activation.pp.0.cc:5684:5: warning: Added loop label VITIS_LOOP_676_1:   [xilinx-label-all-loops]
    for (unsigned i = low; i != high; ++i) {
    ^~~
    VITIS_LOOP_676_1: 
C:\Users\jchance7\Documents\SeniorProject\HLS\SP_CNN\solution1\.autopilot\db\activation.pp.0.cc:5684:5: note: FIX-IT applied suggested code changes
C:\Users\jchance7\Documents\SeniorProject\HLS\SP_CNN\solution1\.autopilot\db\activation.pp.0.cc:5698:5: warning: Added loop label VITIS_LOOP_690_1:   [xilinx-label-all-loops]
    for (unsigned i = low; i != high; ++i) {
    ^~~
    VITIS_LOOP_690_1: 
C:\Users\jchance7\Documents\SeniorProject\HLS\SP_CNN\solution1\.autopilot\db\activation.pp.0.cc:5698:5: note: FIX-IT applied suggested code changes
C:\Users\jchance7\Documents\SeniorProject\HLS\SP_CNN\solution1\.autopilot\db\activation.pp.0.cc:5712:5: warning: Added loop label VITIS_LOOP_704_1:   [xilinx-label-all-loops]
    for (unsigned i = low; i != high; ++i) {
    ^~~
    VITIS_LOOP_704_1: 
C:\Users\jchance7\Documents\SeniorProject\HLS\SP_CNN\solution1\.autopilot\db\activation.pp.0.cc:5712:5: note: FIX-IT applied suggested code changes
C:\Users\jchance7\Documents\SeniorProject\HLS\SP_CNN\solution1\.autopilot\db\activation.pp.0.cc:7311:7: warning: Added loop label VITIS_LOOP_1247_1:   [xilinx-label-all-loops]
      for (i = 0; i < __N - 1; ++i) {
      ^~~
      VITIS_LOOP_1247_1: 
C:\Users\jchance7\Documents\SeniorProject\HLS\SP_CNN\solution1\.autopilot\db\activation.pp.0.cc:7311:7: note: FIX-IT applied suggested code changes
C:\Users\jchance7\Documents\SeniorProject\HLS\SP_CNN\solution1\.autopilot\db\activation.pp.0.cc:12825:72: error: Invalid Directive: for current device, ROM_1P + LUTRAM is invalid combination for BIND_STORAGE's option 'type + impl' [clang-diagnostic-error]
#pragma HLS BIND_STORAGE variable=fourth_order_double::sin_cos_K0 type=ROM_1P impl=LUTRAM
                                                                       ^
C:\Users\jchance7\Documents\SeniorProject\HLS\SP_CNN\solution1\.autopilot\db\activation.pp.0.cc:12826:72: error: Invalid Directive: for current device, ROM_1P + LUTRAM is invalid combination for BIND_STORAGE's option 'type + impl' [clang-diagnostic-error]
#pragma HLS BIND_STORAGE variable=fourth_order_double::sin_cos_K1 type=ROM_1P impl=LUTRAM
                                                                       ^
C:\Users\jchance7\Documents\SeniorProject\HLS\SP_CNN\solution1\.autopilot\db\activation.pp.0.cc:12827:72: error: Invalid Directive: for current device, ROM_1P + LUTRAM is invalid combination for BIND_STORAGE's option 'type + impl' [clang-diagnostic-error]
#pragma HLS BIND_STORAGE variable=fourth_order_double::sin_cos_K2 type=ROM_1P impl=LUTRAM
                                                                       ^
C:\Users\jchance7\Documents\SeniorProject\HLS\SP_CNN\solution1\.autopilot\db\activation.pp.0.cc:12828:72: error: Invalid Directive: for current device, ROM_1P + LUTRAM is invalid combination for BIND_STORAGE's option 'type + impl' [clang-diagnostic-error]
#pragma HLS BIND_STORAGE variable=fourth_order_double::sin_cos_K3 type=ROM_1P impl=LUTRAM
                                                                       ^
C:\Users\jchance7\Documents\SeniorProject\HLS\SP_CNN\solution1\.autopilot\db\activation.pp.0.cc:12829:72: error: Invalid Directive: for current device, ROM_1P + LUTRAM is invalid combination for BIND_STORAGE's option 'type + impl' [clang-diagnostic-error]
#pragma HLS BIND_STORAGE variable=fourth_order_double::sin_cos_K4 type=ROM_1P impl=LUTRAM
                                                                       ^
C:\Users\jchance7\Documents\SeniorProject\HLS\SP_CNN\solution1\.autopilot\db\activation.pp.0.cc:12859:68: error: Invalid Directive: for current device, ROM_1P + LUTRAM is invalid combination for BIND_STORAGE's option 'type + impl' [clang-diagnostic-error]
#pragma HLS BIND_STORAGE variable=fourth_order_double::cos_K0 type=ROM_1P impl=LUTRAM
                                                                   ^
C:\Users\jchance7\Documents\SeniorProject\HLS\SP_CNN\solution1\.autopilot\db\activation.pp.0.cc:12860:68: error: Invalid Directive: for current device, ROM_1P + LUTRAM is invalid combination for BIND_STORAGE's option 'type + impl' [clang-diagnostic-error]
#pragma HLS BIND_STORAGE variable=fourth_order_double::cos_K1 type=ROM_1P impl=LUTRAM
                                                                   ^
C:\Users\jchance7\Documents\SeniorProject\HLS\SP_CNN\solution1\.autopilot\db\activation.pp.0.cc:12861:68: error: Invalid Directive: for current device, ROM_1P + LUTRAM is invalid combination for BIND_STORAGE's option 'type + impl' [clang-diagnostic-error]
#pragma HLS BIND_STORAGE variable=fourth_order_double::cos_K2 type=ROM_1P impl=LUTRAM
                                                                   ^
C:\Users\jchance7\Documents\SeniorProject\HLS\SP_CNN\solution1\.autopilot\db\activation.pp.0.cc:12862:68: error: Invalid Directive: for current device, ROM_1P + LUTRAM is invalid combination for BIND_STORAGE's option 'type + impl' [clang-diagnostic-error]
#pragma HLS BIND_STORAGE variable=fourth_order_double::cos_K3 type=ROM_1P impl=LUTRAM
                                                                   ^
C:\Users\jchance7\Documents\SeniorProject\HLS\SP_CNN\solution1\.autopilot\db\activation.pp.0.cc:12863:68: error: Invalid Directive: for current device, ROM_1P + LUTRAM is invalid combination for BIND_STORAGE's option 'type + impl' [clang-diagnostic-error]
#pragma HLS BIND_STORAGE variable=fourth_order_double::cos_K4 type=ROM_1P impl=LUTRAM
                                                                   ^
C:\Users\jchance7\Documents\SeniorProject\HLS\SP_CNN\solution1\.autopilot\db\activation.pp.0.cc:12864:68: error: Invalid Directive: for current device, ROM_1P + LUTRAM is invalid combination for BIND_STORAGE's option 'type + impl' [clang-diagnostic-error]
#pragma HLS BIND_STORAGE variable=fourth_order_double::sin_K0 type=ROM_1P impl=LUTRAM
                                                                   ^
C:\Users\jchance7\Documents\SeniorProject\HLS\SP_CNN\solution1\.autopilot\db\activation.pp.0.cc:12865:68: error: Invalid Directive: for current device, ROM_1P + LUTRAM is invalid combination for BIND_STORAGE's option 'type + impl' [clang-diagnostic-error]
#pragma HLS BIND_STORAGE variable=fourth_order_double::sin_K1 type=ROM_1P impl=LUTRAM
                                                                   ^
C:\Users\jchance7\Documents\SeniorProject\HLS\SP_CNN\solution1\.autopilot\db\activation.pp.0.cc:12866:68: error: Invalid Directive: for current device, ROM_1P + LUTRAM is invalid combination for BIND_STORAGE's option 'type + impl' [clang-diagnostic-error]
#pragma HLS BIND_STORAGE variable=fourth_order_double::sin_K2 type=ROM_1P impl=LUTRAM
                                                                   ^
C:\Users\jchance7\Documents\SeniorProject\HLS\SP_CNN\solution1\.autopilot\db\activation.pp.0.cc:12867:68: error: Invalid Directive: for current device, ROM_1P + LUTRAM is invalid combination for BIND_STORAGE's option 'type + impl' [clang-diagnostic-error]
#pragma HLS BIND_STORAGE variable=fourth_order_double::sin_K3 type=ROM_1P impl=LUTRAM
                                                                   ^
C:\Users\jchance7\Documents\SeniorProject\HLS\SP_CNN\solution1\.autopilot\db\activation.pp.0.cc:12868:68: error: Invalid Directive: for current device, ROM_1P + LUTRAM is invalid combination for BIND_STORAGE's option 'type + impl' [clang-diagnostic-error]
#pragma HLS BIND_STORAGE variable=fourth_order_double::sin_K4 type=ROM_1P impl=LUTRAM
                                                                   ^
C:\Users\jchance7\Documents\SeniorProject\HLS\SP_CNN\solution1\.autopilot\db\activation.pp.0.cc:12918:71: error: Invalid Directive: for current device, ROM_1P + LUTRAM is invalid combination for BIND_STORAGE's option 'type + impl' [clang-diagnostic-error]
#pragma HLS BIND_STORAGE variable=second_order_float::sin_cos_K0 type=ROM_1P impl=LUTRAM
                                                                      ^
C:\Users\jchance7\Documents\SeniorProject\HLS\SP_CNN\solution1\.autopilot\db\activation.pp.0.cc:12919:71: error: Invalid Directive: for current device, ROM_1P + LUTRAM is invalid combination for BIND_STORAGE's option 'type + impl' [clang-diagnostic-error]
#pragma HLS BIND_STORAGE variable=second_order_float::sin_cos_K1 type=ROM_1P impl=LUTRAM
                                                                      ^
C:\Users\jchance7\Documents\SeniorProject\HLS\SP_CNN\solution1\.autopilot\db\activation.pp.0.cc:12920:71: error: Invalid Directive: for current device, ROM_1P + LUTRAM is invalid combination for BIND_STORAGE's option 'type + impl' [clang-diagnostic-error]
#pragma HLS BIND_STORAGE variable=second_order_float::sin_cos_K2 type=ROM_1P impl=LUTRAM
                                                                      ^
C:\Users\jchance7\Documents\SeniorProject\HLS\SP_CNN\solution1\.autopilot\db\activation.pp.0.cc:12947:67: error: Invalid Directive: for current device, ROM_1P + LUTRAM is invalid combination for BIND_STORAGE's option 'type + impl' [clang-diagnostic-error]
#pragma HLS BIND_STORAGE variable=second_order_float::cos_K0 type=ROM_1P impl=LUTRAM
                                                                  ^
C:\Users\jchance7\Documents\SeniorProject\HLS\SP_CNN\solution1\.autopilot\db\activation.pp.0.cc:12948:67: error: Invalid Directive: for current device, ROM_1P + LUTRAM is invalid combination for BIND_STORAGE's option 'type + impl' [clang-diagnostic-error]
#pragma HLS BIND_STORAGE variable=second_order_float::cos_K1 type=ROM_1P impl=LUTRAM
                                                                  ^
C:\Users\jchance7\Documents\SeniorProject\HLS\SP_CNN\solution1\.autopilot\db\activation.pp.0.cc:12949:67: error: Invalid Directive: for current device, ROM_1P + LUTRAM is invalid combination for BIND_STORAGE's option 'type + impl' [clang-diagnostic-error]
#pragma HLS BIND_STORAGE variable=second_order_float::cos_K2 type=ROM_1P impl=LUTRAM
                                                                  ^
C:\Users\jchance7\Documents\SeniorProject\HLS\SP_CNN\solution1\.autopilot\db\activation.pp.0.cc:12950:67: error: Invalid Directive: for current device, ROM_1P + LUTRAM is invalid combination for BIND_STORAGE's option 'type + impl' [clang-diagnostic-error]
#pragma HLS BIND_STORAGE variable=second_order_float::sin_K0 type=ROM_1P impl=LUTRAM
                                                                  ^
C:\Users\jchance7\Documents\SeniorProject\HLS\SP_CNN\solution1\.autopilot\db\activation.pp.0.cc:12951:67: error: Invalid Directive: for current device, ROM_1P + LUTRAM is invalid combination for BIND_STORAGE's option 'type + impl' [clang-diagnostic-error]
#pragma HLS BIND_STORAGE variable=second_order_float::sin_K1 type=ROM_1P impl=LUTRAM
                                                                  ^
C:\Users\jchance7\Documents\SeniorProject\HLS\SP_CNN\solution1\.autopilot\db\activation.pp.0.cc:12952:67: error: Invalid Directive: for current device, ROM_1P + LUTRAM is invalid combination for BIND_STORAGE's option 'type + impl' [clang-diagnostic-error]
#pragma HLS BIND_STORAGE variable=second_order_float::sin_K2 type=ROM_1P impl=LUTRAM
                                                                  ^
C:\Users\jchance7\Documents\SeniorProject\HLS\SP_CNN\solution1\.autopilot\db\activation.pp.0.cc:12988:73: error: Invalid Directive: for current device, ROM_1P + LUTRAM is invalid combination for BIND_STORAGE's option 'type + impl' [clang-diagnostic-error]
#pragma HLS BIND_STORAGE variable=first_order_fixed_16::sin_cos_K0 type=ROM_1P impl=LUTRAM
                                                                        ^
C:\Users\jchance7\Documents\SeniorProject\HLS\SP_CNN\solution1\.autopilot\db\activation.pp.0.cc:12989:73: error: Invalid Directive: for current device, ROM_1P + LUTRAM is invalid combination for BIND_STORAGE's option 'type + impl' [clang-diagnostic-error]
#pragma HLS BIND_STORAGE variable=first_order_fixed_16::sin_cos_K1 type=ROM_1P impl=LUTRAM
                                                                        ^
C:\Users\jchance7\Documents\SeniorProject\HLS\SP_CNN\solution1\.autopilot\db\activation.pp.0.cc:13263:5: warning: Added loop label VITIS_LOOP_87_1:   [xilinx-label-all-loops]
    for (int n=0; n<Nmax; n++){
    ^~~
    VITIS_LOOP_87_1: 
C:\Users\jchance7\Documents\SeniorProject\HLS\SP_CNN\solution1\.autopilot\db\activation.pp.0.cc:13263:5: note: FIX-IT applied suggested code changes
C:\Users\jchance7\Documents\SeniorProject\HLS\SP_CNN\solution1\.autopilot\db\activation.pp.0.cc:13309:5: warning: Added loop label VITIS_LOOP_143_1:   [xilinx-label-all-loops]
    for (int n=0; n<Nmax; n++){
    ^~~
    VITIS_LOOP_143_1: 
C:\Users\jchance7\Documents\SeniorProject\HLS\SP_CNN\solution1\.autopilot\db\activation.pp.0.cc:13309:5: note: FIX-IT applied suggested code changes
C:\Users\jchance7\Documents\SeniorProject\HLS\SP_CNN\solution1\.autopilot\db\activation.pp.0.cc:13472:9: warning: Added loop label VITIS_LOOP_315_1:   [xilinx-label-all-loops]
        for(int i=0;i<W-1;i++){
        ^~~
        VITIS_LOOP_315_1: 
C:\Users\jchance7\Documents\SeniorProject\HLS\SP_CNN\solution1\.autopilot\db\activation.pp.0.cc:13472:9: note: FIX-IT applied suggested code changes
C:\Users\jchance7\Documents\SeniorProject\HLS\SP_CNN\solution1\.autopilot\db\activation.pp.0.cc:13624:9: warning: Added loop label VITIS_LOOP_475_1:   [xilinx-label-all-loops]
        for(int i=0;i<W-1;i++){
        ^~~
        VITIS_LOOP_475_1: 
C:\Users\jchance7\Documents\SeniorProject\HLS\SP_CNN\solution1\.autopilot\db\activation.pp.0.cc:13624:9: note: FIX-IT applied suggested code changes
C:\Users\jchance7\Documents\SeniorProject\HLS\SP_CNN\solution1\.autopilot\db\activation.pp.0.cc:13804:5: warning: Added loop label VITIS_LOOP_655_1:   [xilinx-label-all-loops]
    for(int i=0;i<W+1;i++){
    ^~~
    VITIS_LOOP_655_1: 
C:\Users\jchance7\Documents\SeniorProject\HLS\SP_CNN\solution1\.autopilot\db\activation.pp.0.cc:13804:5: note: FIX-IT applied suggested code changes
C:\Users\jchance7\Documents\SeniorProject\HLS\SP_CNN\solution1\.autopilot\db\activation.pp.0.cc:13808:5: warning: Added loop label VITIS_LOOP_659_2:   [xilinx-label-all-loops]
    for(int i=0;i<W+1;i++){
    ^~~
    VITIS_LOOP_659_2: 
C:\Users\jchance7\Documents\SeniorProject\HLS\SP_CNN\solution1\.autopilot\db\activation.pp.0.cc:13808:5: note: FIX-IT applied suggested code changes
C:\Users\jchance7\Documents\SeniorProject\HLS\SP_CNN\solution1\.autopilot\db\activation.pp.0.cc:13918:5: warning: Added loop label VITIS_LOOP_769_1:   [xilinx-label-all-loops]
    for (int n=0; n<Nmax; n++){
    ^~~
    VITIS_LOOP_769_1: 
C:\Users\jchance7\Documents\SeniorProject\HLS\SP_CNN\solution1\.autopilot\db\activation.pp.0.cc:13918:5: note: FIX-IT applied suggested code changes
C:\Users\jchance7\Documents\SeniorProject\HLS\SP_CNN\solution1\.autopilot\db\activation.pp.0.cc:14008:7: warning: Added loop label VITIS_LOOP_866_1:   [xilinx-label-all-loops]
      for(int i=0;i<W-1;i++){
      ^~~
      VITIS_LOOP_866_1: 
C:\Users\jchance7\Documents\SeniorProject\HLS\SP_CNN\solution1\.autopilot\db\activation.pp.0.cc:14008:7: note: FIX-IT applied suggested code changes
C:\Users\jchance7\Documents\SeniorProject\HLS\SP_CNN\solution1\.autopilot\db\activation.pp.0.cc:14027:7: warning: Added loop label VITIS_LOOP_885_2:   [xilinx-label-all-loops]
      for(int i=0;i<W-1;i++){
      ^~~
      VITIS_LOOP_885_2: 
C:\Users\jchance7\Documents\SeniorProject\HLS\SP_CNN\solution1\.autopilot\db\activation.pp.0.cc:14027:7: note: FIX-IT applied suggested code changes
C:\Users\jchance7\Documents\SeniorProject\HLS\SP_CNN\solution1\.autopilot\db\activation.pp.0.cc:14317:5: warning: Added loop label VITIS_LOOP_1199_1:   [xilinx-label-all-loops]
    for(int i=0; i<Nmax; i++) {
    ^~~
    VITIS_LOOP_1199_1: 
C:\Users\jchance7\Documents\SeniorProject\HLS\SP_CNN\solution1\.autopilot\db\activation.pp.0.cc:14317:5: note: FIX-IT applied suggested code changes
C:\Users\jchance7\Documents\SeniorProject\HLS\SP_CNN\solution1\.autopilot\db\activation.pp.0.cc:14400:5: warning: Added loop label VITIS_LOOP_1282_1:   [xilinx-label-all-loops]
    for(int i=0; i<Nmax; i++) {
    ^~~
    VITIS_LOOP_1282_1: 
C:\Users\jchance7\Documents\SeniorProject\HLS\SP_CNN\solution1\.autopilot\db\activation.pp.0.cc:14400:5: note: FIX-IT applied suggested code changes
C:\Users\jchance7\Documents\SeniorProject\HLS\SP_CNN\solution1\.autopilot\db\activation.pp.0.cc:14806:13: warning: Added loop label VITIS_LOOP_94_1:   [xilinx-label-all-loops]
            for (int j = 3; j >= I_+1; j--) {
            ^~~
            VITIS_LOOP_94_1: 
C:\Users\jchance7\Documents\SeniorProject\HLS\SP_CNN\solution1\.autopilot\db\activation.pp.0.cc:14806:13: note: FIX-IT applied suggested code changes
C:\Users\jchance7\Documents\SeniorProject\HLS\SP_CNN\solution1\.autopilot\db\activation.pp.0.cc:14812:17: warning: Added loop label VITIS_LOOP_100_2:   [xilinx-label-all-loops]
                for (int j = 3; j >= I_+1; j--){
                ^~~
                VITIS_LOOP_100_2: 
C:\Users\jchance7\Documents\SeniorProject\HLS\SP_CNN\solution1\.autopilot\db\activation.pp.0.cc:14812:17: note: FIX-IT applied suggested code changes
C:\Users\jchance7\Documents\SeniorProject\HLS\SP_CNN\solution1\.autopilot\db\activation.pp.0.cc:14816:17: warning: Added loop label VITIS_LOOP_104_3:   [xilinx-label-all-loops]
                for (int j = I_; j >= 0; j--){
                ^~~
                VITIS_LOOP_104_3: 
C:\Users\jchance7\Documents\SeniorProject\HLS\SP_CNN\solution1\.autopilot\db\activation.pp.0.cc:14816:17: note: FIX-IT applied suggested code changes
C:\Users\jchance7\Documents\SeniorProject\HLS\SP_CNN\solution1\.autopilot\db\activation.pp.0.cc:14864:13: warning: Added loop label VITIS_LOOP_171_4:   [xilinx-label-all-loops]
            for (int j = 9; j >= I_+4; j--) {
            ^~~
            VITIS_LOOP_171_4: 
C:\Users\jchance7\Documents\SeniorProject\HLS\SP_CNN\solution1\.autopilot\db\activation.pp.0.cc:14864:13: note: FIX-IT applied suggested code changes
C:\Users\jchance7\Documents\SeniorProject\HLS\SP_CNN\solution1\.autopilot\db\activation.pp.0.cc:14870:17: warning: Added loop label VITIS_LOOP_177_5:   [xilinx-label-all-loops]
                for (int j = 9; j >= I_+4; j--){
                ^~~
                VITIS_LOOP_177_5: 
C:\Users\jchance7\Documents\SeniorProject\HLS\SP_CNN\solution1\.autopilot\db\activation.pp.0.cc:14870:17: note: FIX-IT applied suggested code changes
C:\Users\jchance7\Documents\SeniorProject\HLS\SP_CNN\solution1\.autopilot\db\activation.pp.0.cc:14874:17: warning: Added loop label VITIS_LOOP_181_6:   [xilinx-label-all-loops]
                for (int j = I_+3; j >= 0; j--){
                ^~~
                VITIS_LOOP_181_6: 
C:\Users\jchance7\Documents\SeniorProject\HLS\SP_CNN\solution1\.autopilot\db\activation.pp.0.cc:14874:17: note: FIX-IT applied suggested code changes
C:\Users\jchance7\Documents\SeniorProject\HLS\SP_CNN\solution1\.autopilot\db\activation.pp.0.cc:14889:9: warning: Added loop label VITIS_LOOP_196_7:   [xilinx-label-all-loops]
        for (int j = 14; j < 22; j++){
        ^~~
        VITIS_LOOP_196_7: 
C:\Users\jchance7\Documents\SeniorProject\HLS\SP_CNN\solution1\.autopilot\db\activation.pp.0.cc:14889:9: note: FIX-IT applied suggested code changes
C:\Users\jchance7\Documents\SeniorProject\HLS\SP_CNN\solution1\.autopilot\db\activation.pp.0.cc:14897:17: warning: Added loop label VITIS_LOOP_204_8:   [xilinx-label-all-loops]
                for (int j = 0; j < 22; j++){
                ^~~
                VITIS_LOOP_204_8: 
C:\Users\jchance7\Documents\SeniorProject\HLS\SP_CNN\solution1\.autopilot\db\activation.pp.0.cc:14897:17: note: FIX-IT applied suggested code changes
C:\Users\jchance7\Documents\SeniorProject\HLS\SP_CNN\solution1\.autopilot\db\activation.pp.0.cc:14962:13: warning: Added loop label VITIS_LOOP_269_9:   [xilinx-label-all-loops]
            for (int j = 21; j >= I_+10; j--) {
            ^~~
            VITIS_LOOP_269_9: 
C:\Users\jchance7\Documents\SeniorProject\HLS\SP_CNN\solution1\.autopilot\db\activation.pp.0.cc:14962:13: note: FIX-IT applied suggested code changes
C:\Users\jchance7\Documents\SeniorProject\HLS\SP_CNN\solution1\.autopilot\db\activation.pp.0.cc:14968:17: warning: Added loop label VITIS_LOOP_275_10:   [xilinx-label-all-loops]
                for (int j = 21; j >= I_+10; j--) {
                ^~~
                VITIS_LOOP_275_10: 
C:\Users\jchance7\Documents\SeniorProject\HLS\SP_CNN\solution1\.autopilot\db\activation.pp.0.cc:14968:17: note: FIX-IT applied suggested code changes
C:\Users\jchance7\Documents\SeniorProject\HLS\SP_CNN\solution1\.autopilot\db\activation.pp.0.cc:14972:17: warning: Added loop label VITIS_LOOP_279_11:   [xilinx-label-all-loops]
                for (int j = I_+9; j >= 0; j--) {
                ^~~
                VITIS_LOOP_279_11: 
C:\Users\jchance7\Documents\SeniorProject\HLS\SP_CNN\solution1\.autopilot\db\activation.pp.0.cc:14972:17: note: FIX-IT applied suggested code changes
C:\Users\jchance7\Documents\SeniorProject\HLS\SP_CNN\solution1\.autopilot\db\activation.pp.0.cc:14987:9: warning: Added loop label VITIS_LOOP_294_12:   [xilinx-label-all-loops]
        for (int j = 27; j < 46; j++){
        ^~~
        VITIS_LOOP_294_12: 
C:\Users\jchance7\Documents\SeniorProject\HLS\SP_CNN\solution1\.autopilot\db\activation.pp.0.cc:14987:9: note: FIX-IT applied suggested code changes
C:\Users\jchance7\Documents\SeniorProject\HLS\SP_CNN\solution1\.autopilot\db\activation.pp.0.cc:14995:17: warning: Added loop label VITIS_LOOP_302_13:   [xilinx-label-all-loops]
                for (int j = 0; j < 46; j++) {
                ^~~
                VITIS_LOOP_302_13: 
C:\Users\jchance7\Documents\SeniorProject\HLS\SP_CNN\solution1\.autopilot\db\activation.pp.0.cc:14995:17: note: FIX-IT applied suggested code changes
C:\Users\jchance7\Documents\SeniorProject\HLS\SP_CNN\solution1\.autopilot\db\activation.pp.0.cc:15224:13: warning: Added loop label VITIS_LOOP_531_14:   [xilinx-label-all-loops]
            for (int j = 45; j >= I_+22; j--) {
            ^~~
            VITIS_LOOP_531_14: 
C:\Users\jchance7\Documents\SeniorProject\HLS\SP_CNN\solution1\.autopilot\db\activation.pp.0.cc:15224:13: note: FIX-IT applied suggested code changes
C:\Users\jchance7\Documents\SeniorProject\HLS\SP_CNN\solution1\.autopilot\db\activation.pp.0.cc:15230:17: warning: Added loop label VITIS_LOOP_537_15:   [xilinx-label-all-loops]
                for (int j = 45; j >= I_+22; j--){
                ^~~
                VITIS_LOOP_537_15: 
C:\Users\jchance7\Documents\SeniorProject\HLS\SP_CNN\solution1\.autopilot\db\activation.pp.0.cc:15230:17: note: FIX-IT applied suggested code changes
C:\Users\jchance7\Documents\SeniorProject\HLS\SP_CNN\solution1\.autopilot\db\activation.pp.0.cc:15234:17: warning: Added loop label VITIS_LOOP_541_16:   [xilinx-label-all-loops]
                for (int j = I_+21; j >= 0; j--) {
                ^~~
                VITIS_LOOP_541_16: 
C:\Users\jchance7\Documents\SeniorProject\HLS\SP_CNN\solution1\.autopilot\db\activation.pp.0.cc:15234:17: note: FIX-IT applied suggested code changes
C:\Users\jchance7\Documents\SeniorProject\HLS\SP_CNN\solution1\.autopilot\db\activation.pp.0.cc:15244:9: warning: Added loop label VITIS_LOOP_551_17:   [xilinx-label-all-loops]
        for (int j = 32-F_; j < 32+I_; j++){
        ^~~
        VITIS_LOOP_551_17: 
C:\Users\jchance7\Documents\SeniorProject\HLS\SP_CNN\solution1\.autopilot\db\activation.pp.0.cc:15244:9: note: FIX-IT applied suggested code changes
C:\Users\jchance7\Documents\SeniorProject\HLS\SP_CNN\solution1\.autopilot\db\activation.pp.0.cc:15248:9: warning: Added loop label VITIS_LOOP_555_18:   [xilinx-label-all-loops]
        for (int j = 32+I_; j <= 64; j++){
        ^~~
        VITIS_LOOP_555_18: 
C:\Users\jchance7\Documents\SeniorProject\HLS\SP_CNN\solution1\.autopilot\db\activation.pp.0.cc:15248:9: note: FIX-IT applied suggested code changes
C:\Users\jchance7\Documents\SeniorProject\HLS\SP_CNN\solution1\.autopilot\db\activation.pp.0.cc:15258:9: warning: Added loop label VITIS_LOOP_565_19:   [xilinx-label-all-loops]
        for (int j = 37; j < 64; j++) {
        ^~~
        VITIS_LOOP_565_19: 
C:\Users\jchance7\Documents\SeniorProject\HLS\SP_CNN\solution1\.autopilot\db\activation.pp.0.cc:15258:9: note: FIX-IT applied suggested code changes
C:\Users\jchance7\Documents\SeniorProject\HLS\SP_CNN\solution1\.autopilot\db\activation.pp.0.cc:15266:17: warning: Added loop label VITIS_LOOP_573_20:   [xilinx-label-all-loops]
                for (int j = 0; j < 64; j++){
                ^~~
                VITIS_LOOP_573_20: 
C:\Users\jchance7\Documents\SeniorProject\HLS\SP_CNN\solution1\.autopilot\db\activation.pp.0.cc:15266:17: note: FIX-IT applied suggested code changes
C:\Users\jchance7\Documents\SeniorProject\HLS\SP_CNN\solution1\.autopilot\db\activation.pp.0.cc:15627:13: warning: Added loop label VITIS_LOOP_934_21:   [xilinx-label-all-loops]
            for (int j = 63; j >= I_+31; j--) {
            ^~~
            VITIS_LOOP_934_21: 
C:\Users\jchance7\Documents\SeniorProject\HLS\SP_CNN\solution1\.autopilot\db\activation.pp.0.cc:15627:13: note: FIX-IT applied suggested code changes
C:\Users\jchance7\Documents\SeniorProject\HLS\SP_CNN\solution1\.autopilot\db\activation.pp.0.cc:15633:17: warning: Added loop label VITIS_LOOP_940_22:   [xilinx-label-all-loops]
                for (int j = 63; j >= I_+31; j--) {
                ^~~
                VITIS_LOOP_940_22: 
C:\Users\jchance7\Documents\SeniorProject\HLS\SP_CNN\solution1\.autopilot\db\activation.pp.0.cc:15633:17: note: FIX-IT applied suggested code changes
C:\Users\jchance7\Documents\SeniorProject\HLS\SP_CNN\solution1\.autopilot\db\activation.pp.0.cc:15637:17: warning: Added loop label VITIS_LOOP_944_23:   [xilinx-label-all-loops]
                for (int j = I_+30; j >= 0; j--) {
                ^~~
                VITIS_LOOP_944_23: 
C:\Users\jchance7\Documents\SeniorProject\HLS\SP_CNN\solution1\.autopilot\db\activation.pp.0.cc:15637:17: note: FIX-IT applied suggested code changes
C:\Users\jchance7\Documents\SeniorProject\HLS\SP_CNN\solution1\.autopilot\db\activation.pp.0.cc:15753:13: warning: Added loop label VITIS_LOOP_1060_1:   [xilinx-label-all-loops]
            for (int j = 4; j >= I_+1; j--) {
            ^~~
            VITIS_LOOP_1060_1: 
C:\Users\jchance7\Documents\SeniorProject\HLS\SP_CNN\solution1\.autopilot\db\activation.pp.0.cc:15753:13: note: FIX-IT applied suggested code changes
C:\Users\jchance7\Documents\SeniorProject\HLS\SP_CNN\solution1\.autopilot\db\activation.pp.0.cc:15759:17: warning: Added loop label VITIS_LOOP_1066_2:   [xilinx-label-all-loops]
                for (int j = 4; j >= I_+1; j--) {
                ^~~
                VITIS_LOOP_1066_2: 
C:\Users\jchance7\Documents\SeniorProject\HLS\SP_CNN\solution1\.autopilot\db\activation.pp.0.cc:15759:17: note: FIX-IT applied suggested code changes
C:\Users\jchance7\Documents\SeniorProject\HLS\SP_CNN\solution1\.autopilot\db\activation.pp.0.cc:15763:17: warning: Added loop label VITIS_LOOP_1070_3:   [xilinx-label-all-loops]
                for (int j = I_; j >= 0; j--) {
                ^~~
                VITIS_LOOP_1070_3: 
C:\Users\jchance7\Documents\SeniorProject\HLS\SP_CNN\solution1\.autopilot\db\activation.pp.0.cc:15763:17: note: FIX-IT applied suggested code changes
C:\Users\jchance7\Documents\SeniorProject\HLS\SP_CNN\solution1\.autopilot\db\activation.pp.0.cc:15850:13: warning: Added loop label VITIS_LOOP_1157_4:   [xilinx-label-all-loops]
            for (int j = 10; j >= I_+4; j--) {
            ^~~
            VITIS_LOOP_1157_4: 
C:\Users\jchance7\Documents\SeniorProject\HLS\SP_CNN\solution1\.autopilot\db\activation.pp.0.cc:15850:13: note: FIX-IT applied suggested code changes
C:\Users\jchance7\Documents\SeniorProject\HLS\SP_CNN\solution1\.autopilot\db\activation.pp.0.cc:15856:17: warning: Added loop label VITIS_LOOP_1163_5:   [xilinx-label-all-loops]
                for (int j = 10; j >= I_+4; j--) {
                ^~~
                VITIS_LOOP_1163_5: 
C:\Users\jchance7\Documents\SeniorProject\HLS\SP_CNN\solution1\.autopilot\db\activation.pp.0.cc:15856:17: note: FIX-IT applied suggested code changes
C:\Users\jchance7\Documents\SeniorProject\HLS\SP_CNN\solution1\.autopilot\db\activation.pp.0.cc:15860:17: warning: Added loop label VITIS_LOOP_1167_6:   [xilinx-label-all-loops]
                for (int j = I_+3; j >= 0; j--) {
                ^~~
                VITIS_LOOP_1167_6: 
C:\Users\jchance7\Documents\SeniorProject\HLS\SP_CNN\solution1\.autopilot\db\activation.pp.0.cc:15860:17: note: FIX-IT applied suggested code changes
C:\Users\jchance7\Documents\SeniorProject\HLS\SP_CNN\solution1\.autopilot\db\activation.pp.0.cc:15879:9: warning: Added loop label VITIS_LOOP_1186_7:   [xilinx-label-all-loops]
        for (int j = wf+3; j < w-1; j++) {
        ^~~
        VITIS_LOOP_1186_7: 
C:\Users\jchance7\Documents\SeniorProject\HLS\SP_CNN\solution1\.autopilot\db\activation.pp.0.cc:15879:9: note: FIX-IT applied suggested code changes
C:\Users\jchance7\Documents\SeniorProject\HLS\SP_CNN\solution1\.autopilot\db\activation.pp.0.cc:15886:17: warning: Added loop label VITIS_LOOP_1193_8:   [xilinx-label-all-loops]
                for (int j = 0; j < 22; j++) {
                ^~~
                VITIS_LOOP_1193_8: 
C:\Users\jchance7\Documents\SeniorProject\HLS\SP_CNN\solution1\.autopilot\db\activation.pp.0.cc:15886:17: note: FIX-IT applied suggested code changes
C:\Users\jchance7\Documents\SeniorProject\HLS\SP_CNN\solution1\.autopilot\db\activation.pp.0.cc:16002:13: warning: Added loop label VITIS_LOOP_1309_9:   [xilinx-label-all-loops]
            for (int j = 22; j >= I_+10; j--) {
            ^~~
            VITIS_LOOP_1309_9: 
C:\Users\jchance7\Documents\SeniorProject\HLS\SP_CNN\solution1\.autopilot\db\activation.pp.0.cc:16002:13: note: FIX-IT applied suggested code changes
C:\Users\jchance7\Documents\SeniorProject\HLS\SP_CNN\solution1\.autopilot\db\activation.pp.0.cc:16008:17: warning: Added loop label VITIS_LOOP_1315_10:   [xilinx-label-all-loops]
                for (int j = 22; j >= I_+10; j--){
                ^~~
                VITIS_LOOP_1315_10: 
C:\Users\jchance7\Documents\SeniorProject\HLS\SP_CNN\solution1\.autopilot\db\activation.pp.0.cc:16008:17: note: FIX-IT applied suggested code changes
C:\Users\jchance7\Documents\SeniorProject\HLS\SP_CNN\solution1\.autopilot\db\activation.pp.0.cc:16012:17: warning: Added loop label VITIS_LOOP_1319_11:   [xilinx-label-all-loops]
                for (int j = I_+9; j >= 0; j--) {
                ^~~
                VITIS_LOOP_1319_11: 
C:\Users\jchance7\Documents\SeniorProject\HLS\SP_CNN\solution1\.autopilot\db\activation.pp.0.cc:16012:17: note: FIX-IT applied suggested code changes
C:\Users\jchance7\Documents\SeniorProject\HLS\SP_CNN\solution1\.autopilot\db\activation.pp.0.cc:16032:9: warning: Added loop label VITIS_LOOP_1339_12:   [xilinx-label-all-loops]
        for (int j = wf+4; j < w-1; j++){
        ^~~
        VITIS_LOOP_1339_12: 
C:\Users\jchance7\Documents\SeniorProject\HLS\SP_CNN\solution1\.autopilot\db\activation.pp.0.cc:16032:9: note: FIX-IT applied suggested code changes
C:\Users\jchance7\Documents\SeniorProject\HLS\SP_CNN\solution1\.autopilot\db\activation.pp.0.cc:16039:17: warning: Added loop label VITIS_LOOP_1346_13:   [xilinx-label-all-loops]
                for (int j = 0; j < 46; j++) {
                ^~~
                VITIS_LOOP_1346_13: 
C:\Users\jchance7\Documents\SeniorProject\HLS\SP_CNN\solution1\.autopilot\db\activation.pp.0.cc:16039:17: note: FIX-IT applied suggested code changes
C:\Users\jchance7\Documents\SeniorProject\HLS\SP_CNN\solution1\.autopilot\db\activation.pp.0.cc:16301:13: warning: Added loop label VITIS_LOOP_1608_14:   [xilinx-label-all-loops]
            for (int j = 46; j >= I_+22; j--) {
            ^~~
            VITIS_LOOP_1608_14: 
C:\Users\jchance7\Documents\SeniorProject\HLS\SP_CNN\solution1\.autopilot\db\activation.pp.0.cc:16301:13: note: FIX-IT applied suggested code changes
C:\Users\jchance7\Documents\SeniorProject\HLS\SP_CNN\solution1\.autopilot\db\activation.pp.0.cc:16307:17: warning: Added loop label VITIS_LOOP_1614_15:   [xilinx-label-all-loops]
                for (int j = 46; j >= I_+22; j--) {
                ^~~
                VITIS_LOOP_1614_15: 
C:\Users\jchance7\Documents\SeniorProject\HLS\SP_CNN\solution1\.autopilot\db\activation.pp.0.cc:16307:17: note: FIX-IT applied suggested code changes
C:\Users\jchance7\Documents\SeniorProject\HLS\SP_CNN\solution1\.autopilot\db\activation.pp.0.cc:16311:17: warning: Added loop label VITIS_LOOP_1618_16:   [xilinx-label-all-loops]
                for (int j = I_+21; j >= 0; j--) {
                ^~~
                VITIS_LOOP_1618_16: 
C:\Users\jchance7\Documents\SeniorProject\HLS\SP_CNN\solution1\.autopilot\db\activation.pp.0.cc:16311:17: note: FIX-IT applied suggested code changes
C:\Users\jchance7\Documents\SeniorProject\HLS\SP_CNN\solution1\.autopilot\db\activation.pp.0.cc:16335:9: warning: Added loop label VITIS_LOOP_1642_17:   [xilinx-label-all-loops]
        for (int j = wf+5; j < w-1; j++){
        ^~~
        VITIS_LOOP_1642_17: 
C:\Users\jchance7\Documents\SeniorProject\HLS\SP_CNN\solution1\.autopilot\db\activation.pp.0.cc:16335:9: note: FIX-IT applied suggested code changes
C:\Users\jchance7\Documents\SeniorProject\HLS\SP_CNN\solution1\.autopilot\db\activation.pp.0.cc:16342:17: warning: Added loop label VITIS_LOOP_1649_18:   [xilinx-label-all-loops]
                for (int j = 0; j < 64; j++) {
                ^~~
                VITIS_LOOP_1649_18: 
C:\Users\jchance7\Documents\SeniorProject\HLS\SP_CNN\solution1\.autopilot\db\activation.pp.0.cc:16342:17: note: FIX-IT applied suggested code changes
C:\Users\jchance7\Documents\SeniorProject\HLS\SP_CNN\solution1\.autopilot\db\activation.pp.0.cc:16772:13: warning: Added loop label VITIS_LOOP_2079_19:   [xilinx-label-all-loops]
            for (int j = 64; j >= I_+31; j--) {
            ^~~
            VITIS_LOOP_2079_19: 
C:\Users\jchance7\Documents\SeniorProject\HLS\SP_CNN\solution1\.autopilot\db\activation.pp.0.cc:16772:13: note: FIX-IT applied suggested code changes
C:\Users\jchance7\Documents\SeniorProject\HLS\SP_CNN\solution1\.autopilot\db\activation.pp.0.cc:16778:17: warning: Added loop label VITIS_LOOP_2085_20:   [xilinx-label-all-loops]
                for (int j = 64; j >= I_+31; j--) {
                ^~~
                VITIS_LOOP_2085_20: 
C:\Users\jchance7\Documents\SeniorProject\HLS\SP_CNN\solution1\.autopilot\db\activation.pp.0.cc:16778:17: note: FIX-IT applied suggested code changes
C:\Users\jchance7\Documents\SeniorProject\HLS\SP_CNN\solution1\.autopilot\db\activation.pp.0.cc:16782:17: warning: Added loop label VITIS_LOOP_2089_21:   [xilinx-label-all-loops]
                for (int j = I_+30; j >= 0; j--) {
                ^~~
                VITIS_LOOP_2089_21: 
C:\Users\jchance7\Documents\SeniorProject\HLS\SP_CNN\solution1\.autopilot\db\activation.pp.0.cc:16782:17: note: FIX-IT applied suggested code changes
C:\Users\jchance7\Documents\SeniorProject\HLS\SP_CNN\solution1\.autopilot\db\activation.pp.0.cc:16912:13: warning: Added loop label VITIS_LOOP_2219_1:   [xilinx-label-all-loops]
            for(int j=3; j>=I+1; j--) {
            ^~~
            VITIS_LOOP_2219_1: 
C:\Users\jchance7\Documents\SeniorProject\HLS\SP_CNN\solution1\.autopilot\db\activation.pp.0.cc:16912:13: note: FIX-IT applied suggested code changes
C:\Users\jchance7\Documents\SeniorProject\HLS\SP_CNN\solution1\.autopilot\db\activation.pp.0.cc:16919:17: warning: Added loop label VITIS_LOOP_2226_2:   [xilinx-label-all-loops]
                for(int j=3; j>=I+1; j--) {
                ^~~
                VITIS_LOOP_2226_2: 
C:\Users\jchance7\Documents\SeniorProject\HLS\SP_CNN\solution1\.autopilot\db\activation.pp.0.cc:16919:17: note: FIX-IT applied suggested code changes
C:\Users\jchance7\Documents\SeniorProject\HLS\SP_CNN\solution1\.autopilot\db\activation.pp.0.cc:16923:17: warning: Added loop label VITIS_LOOP_2230_3:   [xilinx-label-all-loops]
                for(int j=I; j>=0; j--) {
                ^~~
                VITIS_LOOP_2230_3: 
C:\Users\jchance7\Documents\SeniorProject\HLS\SP_CNN\solution1\.autopilot\db\activation.pp.0.cc:16923:17: note: FIX-IT applied suggested code changes
C:\Users\jchance7\Documents\SeniorProject\HLS\SP_CNN\solution1\.autopilot\db\activation.pp.0.cc:16970:13: warning: Added loop label VITIS_LOOP_2277_4:   [xilinx-label-all-loops]
            for(int j=7; j>=3+I; j--) {
            ^~~
            VITIS_LOOP_2277_4: 
C:\Users\jchance7\Documents\SeniorProject\HLS\SP_CNN\solution1\.autopilot\db\activation.pp.0.cc:16970:13: note: FIX-IT applied suggested code changes
C:\Users\jchance7\Documents\SeniorProject\HLS\SP_CNN\solution1\.autopilot\db\activation.pp.0.cc:16977:17: warning: Added loop label VITIS_LOOP_2284_5:   [xilinx-label-all-loops]
                for(int j=7; j>=3+I; j--) {
                ^~~
                VITIS_LOOP_2284_5: 
C:\Users\jchance7\Documents\SeniorProject\HLS\SP_CNN\solution1\.autopilot\db\activation.pp.0.cc:16977:17: note: FIX-IT applied suggested code changes
C:\Users\jchance7\Documents\SeniorProject\HLS\SP_CNN\solution1\.autopilot\db\activation.pp.0.cc:16981:17: warning: Added loop label VITIS_LOOP_2288_6:   [xilinx-label-all-loops]
                for(int j=I+2; j>=0; j--) {
                ^~~
                VITIS_LOOP_2288_6: 
C:\Users\jchance7\Documents\SeniorProject\HLS\SP_CNN\solution1\.autopilot\db\activation.pp.0.cc:16981:17: note: FIX-IT applied suggested code changes
C:\Users\jchance7\Documents\SeniorProject\HLS\SP_CNN\solution1\.autopilot\db\activation.pp.0.cc:16999:9: warning: Added loop label VITIS_LOOP_2306_7:   [xilinx-label-all-loops]
        for(int j=11; j<16; j++) {
        ^~~
        VITIS_LOOP_2306_7: 
C:\Users\jchance7\Documents\SeniorProject\HLS\SP_CNN\solution1\.autopilot\db\activation.pp.0.cc:16999:9: note: FIX-IT applied suggested code changes
C:\Users\jchance7\Documents\SeniorProject\HLS\SP_CNN\solution1\.autopilot\db\activation.pp.0.cc:17054:13: warning: Added loop label VITIS_LOOP_2361_8:   [xilinx-label-all-loops]
            for(int j=15; j>=7+I; j--) {
            ^~~
            VITIS_LOOP_2361_8: 
C:\Users\jchance7\Documents\SeniorProject\HLS\SP_CNN\solution1\.autopilot\db\activation.pp.0.cc:17054:13: note: FIX-IT applied suggested code changes
C:\Users\jchance7\Documents\SeniorProject\HLS\SP_CNN\solution1\.autopilot\db\activation.pp.0.cc:17061:17: warning: Added loop label VITIS_LOOP_2368_9:   [xilinx-label-all-loops]
                for(int j=15; j>=7+I; j--) {
                ^~~
                VITIS_LOOP_2368_9: 
C:\Users\jchance7\Documents\SeniorProject\HLS\SP_CNN\solution1\.autopilot\db\activation.pp.0.cc:17061:17: note: FIX-IT applied suggested code changes
C:\Users\jchance7\Documents\SeniorProject\HLS\SP_CNN\solution1\.autopilot\db\activation.pp.0.cc:17065:17: warning: Added loop label VITIS_LOOP_2372_10:   [xilinx-label-all-loops]
                for(int j=6+I; j>=0; j--) {
                ^~~
                VITIS_LOOP_2372_10: 
C:\Users\jchance7\Documents\SeniorProject\HLS\SP_CNN\solution1\.autopilot\db\activation.pp.0.cc:17065:17: note: FIX-IT applied suggested code changes
C:\Users\jchance7\Documents\SeniorProject\HLS\SP_CNN\solution1\.autopilot\db\activation.pp.0.cc:17083:9: warning: Added loop label VITIS_LOOP_2390_11:   [xilinx-label-all-loops]
        for(int j=20; j<32; j++) {
        ^~~
        VITIS_LOOP_2390_11: 
C:\Users\jchance7\Documents\SeniorProject\HLS\SP_CNN\solution1\.autopilot\db\activation.pp.0.cc:17083:9: note: FIX-IT applied suggested code changes
C:\Users\jchance7\Documents\SeniorProject\HLS\SP_CNN\solution1\.autopilot\db\activation.pp.0.cc:17172:13: warning: Added loop label VITIS_LOOP_2479_12:   [xilinx-label-all-loops]
            for(int j=31; j>=I+15; j--) {
            ^~~
            VITIS_LOOP_2479_12: 
C:\Users\jchance7\Documents\SeniorProject\HLS\SP_CNN\solution1\.autopilot\db\activation.pp.0.cc:17172:13: note: FIX-IT applied suggested code changes
C:\Users\jchance7\Documents\SeniorProject\HLS\SP_CNN\solution1\.autopilot\db\activation.pp.0.cc:17179:17: warning: Added loop label VITIS_LOOP_2486_13:   [xilinx-label-all-loops]
                for(int j=31; j>=I+15; j--) {
                ^~~
                VITIS_LOOP_2486_13: 
C:\Users\jchance7\Documents\SeniorProject\HLS\SP_CNN\solution1\.autopilot\db\activation.pp.0.cc:17179:17: note: FIX-IT applied suggested code changes
C:\Users\jchance7\Documents\SeniorProject\HLS\SP_CNN\solution1\.autopilot\db\activation.pp.0.cc:17183:17: warning: Added loop label VITIS_LOOP_2490_14:   [xilinx-label-all-loops]
                for(int j=I+14; j>=0; j--) {
                ^~~
                VITIS_LOOP_2490_14: 
C:\Users\jchance7\Documents\SeniorProject\HLS\SP_CNN\solution1\.autopilot\db\activation.pp.0.cc:17183:17: note: FIX-IT applied suggested code changes
C:\Users\jchance7\Documents\SeniorProject\HLS\SP_CNN\solution1\.autopilot\db\activation.pp.0.cc:17193:9: warning: Added loop label VITIS_LOOP_2500_15:   [xilinx-label-all-loops]
        for(int j=32-F; j<32+I; j++) {
        ^~~
        VITIS_LOOP_2500_15: 
C:\Users\jchance7\Documents\SeniorProject\HLS\SP_CNN\solution1\.autopilot\db\activation.pp.0.cc:17193:9: note: FIX-IT applied suggested code changes
C:\Users\jchance7\Documents\SeniorProject\HLS\SP_CNN\solution1\.autopilot\db\activation.pp.0.cc:17197:9: warning: Added loop label VITIS_LOOP_2504_16:   [xilinx-label-all-loops]
        for(int j=32+I; j<=64; j++) {
        ^~~
        VITIS_LOOP_2504_16: 
C:\Users\jchance7\Documents\SeniorProject\HLS\SP_CNN\solution1\.autopilot\db\activation.pp.0.cc:17197:9: note: FIX-IT applied suggested code changes
C:\Users\jchance7\Documents\SeniorProject\HLS\SP_CNN\solution1\.autopilot\db\activation.pp.0.cc:17208:9: warning: Added loop label VITIS_LOOP_2515_17:   [xilinx-label-all-loops]
        for(int j=37; j<64; j++) {
        ^~~
        VITIS_LOOP_2515_17: 
C:\Users\jchance7\Documents\SeniorProject\HLS\SP_CNN\solution1\.autopilot\db\activation.pp.0.cc:17208:9: note: FIX-IT applied suggested code changes
C:\Users\jchance7\Documents\SeniorProject\HLS\SP_CNN\solution1\.autopilot\db\activation.pp.0.cc:17216:17: warning: Added loop label VITIS_LOOP_2523_18:   [xilinx-label-all-loops]
                for(int j=0; j<64; j++) {
                ^~~
                VITIS_LOOP_2523_18: 
C:\Users\jchance7\Documents\SeniorProject\HLS\SP_CNN\solution1\.autopilot\db\activation.pp.0.cc:17216:17: note: FIX-IT applied suggested code changes
C:\Users\jchance7\Documents\SeniorProject\HLS\SP_CNN\solution1\.autopilot\db\activation.pp.0.cc:17541:13: warning: Added loop label VITIS_LOOP_2848_19:   [xilinx-label-all-loops]
            for(int j=63; j>=I+31; j--) {
            ^~~
            VITIS_LOOP_2848_19: 
C:\Users\jchance7\Documents\SeniorProject\HLS\SP_CNN\solution1\.autopilot\db\activation.pp.0.cc:17541:13: note: FIX-IT applied suggested code changes
C:\Users\jchance7\Documents\SeniorProject\HLS\SP_CNN\solution1\.autopilot\db\activation.pp.0.cc:17548:17: warning: Added loop label VITIS_LOOP_2855_20:   [xilinx-label-all-loops]
                for(int j=63; j>=I+31; j--) {
                ^~~
                VITIS_LOOP_2855_20: 
C:\Users\jchance7\Documents\SeniorProject\HLS\SP_CNN\solution1\.autopilot\db\activation.pp.0.cc:17548:17: note: FIX-IT applied suggested code changes
C:\Users\jchance7\Documents\SeniorProject\HLS\SP_CNN\solution1\.autopilot\db\activation.pp.0.cc:17552:17: warning: Added loop label VITIS_LOOP_2859_21:   [xilinx-label-all-loops]
                for(int j=I+30; j>=0; j--) {
                ^~~
                VITIS_LOOP_2859_21: 
C:\Users\jchance7\Documents\SeniorProject\HLS\SP_CNN\solution1\.autopilot\db\activation.pp.0.cc:17552:17: note: FIX-IT applied suggested code changes
C:\Users\jchance7\Documents\SeniorProject\HLS\SP_CNN\solution1\.autopilot\db\activation.pp.0.cc:17640:4: warning: Added loop label VITIS_LOOP_2947_1:   [xilinx-label-all-loops]
   for(int j = 5; j>=I_+2; j--) {
   ^~~
   VITIS_LOOP_2947_1: 
C:\Users\jchance7\Documents\SeniorProject\HLS\SP_CNN\solution1\.autopilot\db\activation.pp.0.cc:17640:4: note: FIX-IT applied suggested code changes
C:\Users\jchance7\Documents\SeniorProject\HLS\SP_CNN\solution1\.autopilot\db\activation.pp.0.cc:17647:5: warning: Added loop label VITIS_LOOP_2954_2:   [xilinx-label-all-loops]
    for(int j = 5; j>=I_+2; j--) {
    ^~~
    VITIS_LOOP_2954_2: 
C:\Users\jchance7\Documents\SeniorProject\HLS\SP_CNN\solution1\.autopilot\db\activation.pp.0.cc:17647:5: note: FIX-IT applied suggested code changes
C:\Users\jchance7\Documents\SeniorProject\HLS\SP_CNN\solution1\.autopilot\db\activation.pp.0.cc:17651:5: warning: Added loop label VITIS_LOOP_2958_3:   [xilinx-label-all-loops]
    for(int j = I_+1; j>=0; j--) {
    ^~~
    VITIS_LOOP_2958_3: 
C:\Users\jchance7\Documents\SeniorProject\HLS\SP_CNN\solution1\.autopilot\db\activation.pp.0.cc:17651:5: note: FIX-IT applied suggested code changes
C:\Users\jchance7\Documents\SeniorProject\HLS\SP_CNN\solution1\.autopilot\db\activation.pp.0.cc:17666:3: warning: Added loop label VITIS_LOOP_2973_4:   [xilinx-label-all-loops]
  for(int j = 11; j >=7; j--) {
  ^~~
  VITIS_LOOP_2973_4: 
C:\Users\jchance7\Documents\SeniorProject\HLS\SP_CNN\solution1\.autopilot\db\activation.pp.0.cc:17666:3: note: FIX-IT applied suggested code changes
C:\Users\jchance7\Documents\SeniorProject\HLS\SP_CNN\solution1\.autopilot\db\activation.pp.0.cc:17698:4: warning: Added loop label VITIS_LOOP_3005_5:   [xilinx-label-all-loops]
   for(int j = 11; j >= I_+5; j--) {
   ^~~
   VITIS_LOOP_3005_5: 
C:\Users\jchance7\Documents\SeniorProject\HLS\SP_CNN\solution1\.autopilot\db\activation.pp.0.cc:17698:4: note: FIX-IT applied suggested code changes
C:\Users\jchance7\Documents\SeniorProject\HLS\SP_CNN\solution1\.autopilot\db\activation.pp.0.cc:17705:5: warning: Added loop label VITIS_LOOP_3012_6:   [xilinx-label-all-loops]
    for(int j = 11; j>= I_+5; j--) {
    ^~~
    VITIS_LOOP_3012_6: 
C:\Users\jchance7\Documents\SeniorProject\HLS\SP_CNN\solution1\.autopilot\db\activation.pp.0.cc:17705:5: note: FIX-IT applied suggested code changes
C:\Users\jchance7\Documents\SeniorProject\HLS\SP_CNN\solution1\.autopilot\db\activation.pp.0.cc:17709:5: warning: Added loop label VITIS_LOOP_3016_7:   [xilinx-label-all-loops]
    for(int j = I_+4; j>=0; j--) {
    ^~~
    VITIS_LOOP_3016_7: 
C:\Users\jchance7\Documents\SeniorProject\HLS\SP_CNN\solution1\.autopilot\db\activation.pp.0.cc:17709:5: note: FIX-IT applied suggested code changes
C:\Users\jchance7\Documents\SeniorProject\HLS\SP_CNN\solution1\.autopilot\db\activation.pp.0.cc:17724:3: warning: Added loop label VITIS_LOOP_3031_8:   [xilinx-label-all-loops]
  for(int j = 25; j>=15; j--) {
  ^~~
  VITIS_LOOP_3031_8: 
C:\Users\jchance7\Documents\SeniorProject\HLS\SP_CNN\solution1\.autopilot\db\activation.pp.0.cc:17724:3: note: FIX-IT applied suggested code changes
C:\Users\jchance7\Documents\SeniorProject\HLS\SP_CNN\solution1\.autopilot\db\activation.pp.0.cc:17774:4: warning: Added loop label VITIS_LOOP_3081_9:   [xilinx-label-all-loops]
   for(int j = 25; j>= I_+12; j--) {
   ^~~
   VITIS_LOOP_3081_9: 
C:\Users\jchance7\Documents\SeniorProject\HLS\SP_CNN\solution1\.autopilot\db\activation.pp.0.cc:17774:4: note: FIX-IT applied suggested code changes
C:\Users\jchance7\Documents\SeniorProject\HLS\SP_CNN\solution1\.autopilot\db\activation.pp.0.cc:17781:5: warning: Added loop label VITIS_LOOP_3088_10:   [xilinx-label-all-loops]
    for(int j = 25; j>=I_+12; j--) {
    ^~~
    VITIS_LOOP_3088_10: 
C:\Users\jchance7\Documents\SeniorProject\HLS\SP_CNN\solution1\.autopilot\db\activation.pp.0.cc:17781:5: note: FIX-IT applied suggested code changes
C:\Users\jchance7\Documents\SeniorProject\HLS\SP_CNN\solution1\.autopilot\db\activation.pp.0.cc:17785:5: warning: Added loop label VITIS_LOOP_3092_11:   [xilinx-label-all-loops]
    for(int j = I_+11; j>=0; j--) {
    ^~~
    VITIS_LOOP_3092_11: 
C:\Users\jchance7\Documents\SeniorProject\HLS\SP_CNN\solution1\.autopilot\db\activation.pp.0.cc:17785:5: note: FIX-IT applied suggested code changes
C:\Users\jchance7\Documents\SeniorProject\HLS\SP_CNN\solution1\.autopilot\db\activation.pp.0.cc:17800:3: warning: Added loop label VITIS_LOOP_3107_12:   [xilinx-label-all-loops]
  for(int j = 51; j >= 29; j--) {
  ^~~
  VITIS_LOOP_3107_12: 
C:\Users\jchance7\Documents\SeniorProject\HLS\SP_CNN\solution1\.autopilot\db\activation.pp.0.cc:17800:3: note: FIX-IT applied suggested code changes
C:\Users\jchance7\Documents\SeniorProject\HLS\SP_CNN\solution1\.autopilot\db\activation.pp.0.cc:17937:4: warning: Added loop label VITIS_LOOP_3244_13:   [xilinx-label-all-loops]
   for(int j = 51; j >= 25 + I_; j--) {
   ^~~
   VITIS_LOOP_3244_13: 
C:\Users\jchance7\Documents\SeniorProject\HLS\SP_CNN\solution1\.autopilot\db\activation.pp.0.cc:17937:4: note: FIX-IT applied suggested code changes
C:\Users\jchance7\Documents\SeniorProject\HLS\SP_CNN\solution1\.autopilot\db\activation.pp.0.cc:17944:5: warning: Added loop label VITIS_LOOP_3251_14:   [xilinx-label-all-loops]
    for(int j = 51; j>=25 + I_; j--) {
    ^~~
    VITIS_LOOP_3251_14: 
C:\Users\jchance7\Documents\SeniorProject\HLS\SP_CNN\solution1\.autopilot\db\activation.pp.0.cc:17944:5: note: FIX-IT applied suggested code changes
C:\Users\jchance7\Documents\SeniorProject\HLS\SP_CNN\solution1\.autopilot\db\activation.pp.0.cc:17948:5: warning: Added loop label VITIS_LOOP_3255_15:   [xilinx-label-all-loops]
    for(int j = 24 + I_; j >= 0; j--) {
    ^~~
    VITIS_LOOP_3255_15: 
C:\Users\jchance7\Documents\SeniorProject\HLS\SP_CNN\solution1\.autopilot\db\activation.pp.0.cc:17948:5: note: FIX-IT applied suggested code changes
C:\Users\jchance7\Documents\SeniorProject\HLS\SP_CNN\solution1\.autopilot\db\activation.pp.0.cc:17963:3: warning: Added loop label VITIS_LOOP_3270_16:   [xilinx-label-all-loops]
  for(int j = 63; j >= 36; j--) {
  ^~~
  VITIS_LOOP_3270_16: 
C:\Users\jchance7\Documents\SeniorProject\HLS\SP_CNN\solution1\.autopilot\db\activation.pp.0.cc:17963:3: note: FIX-IT applied suggested code changes
C:\Users\jchance7\Documents\SeniorProject\HLS\SP_CNN\solution1\.autopilot\db\activation.pp.0.cc:18123:4: warning: Added loop label VITIS_LOOP_3430_17:   [xilinx-label-all-loops]
   for(int j = 63; j >= 31 + I_; j--) {
   ^~~
   VITIS_LOOP_3430_17: 
C:\Users\jchance7\Documents\SeniorProject\HLS\SP_CNN\solution1\.autopilot\db\activation.pp.0.cc:18123:4: note: FIX-IT applied suggested code changes
C:\Users\jchance7\Documents\SeniorProject\HLS\SP_CNN\solution1\.autopilot\db\activation.pp.0.cc:18130:5: warning: Added loop label VITIS_LOOP_3437_18:   [xilinx-label-all-loops]
    for(int j = 63; j >= 31 + I_; j--) {
    ^~~
    VITIS_LOOP_3437_18: 
C:\Users\jchance7\Documents\SeniorProject\HLS\SP_CNN\solution1\.autopilot\db\activation.pp.0.cc:18130:5: note: FIX-IT applied suggested code changes
C:\Users\jchance7\Documents\SeniorProject\HLS\SP_CNN\solution1\.autopilot\db\activation.pp.0.cc:18134:5: warning: Added loop label VITIS_LOOP_3441_19:   [xilinx-label-all-loops]
    for(int j = 30 + I_; j >= 0; j--) {
    ^~~
    VITIS_LOOP_3441_19: 
C:\Users\jchance7\Documents\SeniorProject\HLS\SP_CNN\solution1\.autopilot\db\activation.pp.0.cc:18134:5: note: FIX-IT applied suggested code changes
C:\Users\jchance7\Documents\SeniorProject\HLS\SP_CNN\solution1\.autopilot\db\activation.pp.0.cc:18849:13: warning: Added loop label VITIS_LOOP_729_1:   [xilinx-label-all-loops]
            for (b_exp = I_-1; b_exp >= -F_; b_exp--) {
            ^~~
            VITIS_LOOP_729_1: 
C:\Users\jchance7\Documents\SeniorProject\HLS\SP_CNN\solution1\.autopilot\db\activation.pp.0.cc:18849:13: note: FIX-IT applied suggested code changes
C:\Users\jchance7\Documents\SeniorProject\HLS\SP_CNN\solution1\.autopilot\db\activation.pp.0.cc:19067:13: warning: Added loop label VITIS_LOOP_947_1:   [xilinx-label-all-loops]
            for (b_exp = I_-1; b_exp >= -F_; b_exp--) {
            ^~~
            VITIS_LOOP_947_1: 
C:\Users\jchance7\Documents\SeniorProject\HLS\SP_CNN\solution1\.autopilot\db\activation.pp.0.cc:19067:13: note: FIX-IT applied suggested code changes
C:\Users\jchance7\Documents\SeniorProject\HLS\SP_CNN\solution1\.autopilot\db\activation.pp.0.cc:19484:13: warning: Added loop label VITIS_LOOP_1371_1:   [xilinx-label-all-loops]
            for (b_exp = I_-1; b_exp >= -F_; b_exp--) {
            ^~~
            VITIS_LOOP_1371_1: 
C:\Users\jchance7\Documents\SeniorProject\HLS\SP_CNN\solution1\.autopilot\db\activation.pp.0.cc:19484:13: note: FIX-IT applied suggested code changes
C:\Users\jchance7\Documents\SeniorProject\HLS\SP_CNN\solution1\.autopilot\db\activation.pp.0.cc:19798:9: warning: Added loop label VITIS_LOOP_266_1:   [xilinx-label-all-loops]
        for ( int pos = msbr-1; pos >= 0; pos-- ) {
        ^~~
        VITIS_LOOP_266_1: 
C:\Users\jchance7\Documents\SeniorProject\HLS\SP_CNN\solution1\.autopilot\db\activation.pp.0.cc:19798:9: note: FIX-IT applied suggested code changes
C:\Users\jchance7\Documents\SeniorProject\HLS\SP_CNN\solution1\.autopilot\db\activation.pp.0.cc:19826:9: warning: Added loop label VITIS_LOOP_294_2:   [xilinx-label-all-loops]
        for ( int pos = -1; pos >= -F_-1; pos-- ) {
        ^~~
        VITIS_LOOP_294_2: 
C:\Users\jchance7\Documents\SeniorProject\HLS\SP_CNN\solution1\.autopilot\db\activation.pp.0.cc:19826:9: note: FIX-IT applied suggested code changes
C:\Users\jchance7\Documents\SeniorProject\HLS\SP_CNN\solution1\.autopilot\db\activation.pp.0.cc:20521:13: warning: Added loop label VITIS_LOOP_74_1:   [xilinx-label-all-loops]
            for (int j = 0; j < W_-1; j++){
            ^~~
            VITIS_LOOP_74_1: 
C:\Users\jchance7\Documents\SeniorProject\HLS\SP_CNN\solution1\.autopilot\db\activation.pp.0.cc:20521:13: note: FIX-IT applied suggested code changes
C:\Users\jchance7\Documents\SeniorProject\HLS\SP_CNN\solution1\.autopilot\db\activation.pp.0.cc:20574:5: warning: Added loop label VITIS_LOOP_135_2:   [xilinx-label-all-loops]
    for (int j = F_l+F_+I_m-1; j < F_l+W_+5; j++){
    ^~~
    VITIS_LOOP_135_2: 
C:\Users\jchance7\Documents\SeniorProject\HLS\SP_CNN\solution1\.autopilot\db\activation.pp.0.cc:20574:5: note: FIX-IT applied suggested code changes
C:\Users\jchance7\Documents\SeniorProject\HLS\SP_CNN\solution1\.autopilot\db\activation.pp.0.cc:20588:13: warning: Added loop label VITIS_LOOP_149_3:   [xilinx-label-all-loops]
            for (int j = WO_m-1; j >= W_-1; j--) {
            ^~~
            VITIS_LOOP_149_3: 
C:\Users\jchance7\Documents\SeniorProject\HLS\SP_CNN\solution1\.autopilot\db\activation.pp.0.cc:20588:13: note: FIX-IT applied suggested code changes
C:\Users\jchance7\Documents\SeniorProject\HLS\SP_CNN\solution1\.autopilot\db\activation.pp.0.cc:20618:13: warning: Added loop label VITIS_LOOP_179_4:   [xilinx-label-all-loops]
            for (int j = W_-2; j >= 0; j--){
            ^~~
            VITIS_LOOP_179_4: 
C:\Users\jchance7\Documents\SeniorProject\HLS\SP_CNN\solution1\.autopilot\db\activation.pp.0.cc:20618:13: note: FIX-IT applied suggested code changes
C:\Users\jchance7\Documents\SeniorProject\HLS\SP_CNN\solution1\.autopilot\db\activation.pp.0.cc:20703:12: warning: Added loop label VITIS_LOOP_307_1:   [xilinx-label-all-loops]
           for(int i = wf_log+we_log-2; i > WI_e - 2; --i) {
           ^~~
           VITIS_LOOP_307_1: 
C:\Users\jchance7\Documents\SeniorProject\HLS\SP_CNN\solution1\.autopilot\db\activation.pp.0.cc:20703:12: note: FIX-IT applied suggested code changes
C:\Users\jchance7\Documents\SeniorProject\HLS\SP_CNN\solution1\.autopilot\db\activation.pp.0.cc:20723:16: warning: Added loop label VITIS_LOOP_327_2:   [xilinx-label-all-loops]
               for (int j = WO_e-1; j >= W_-1; j--) {
               ^~~
               VITIS_LOOP_327_2: 
C:\Users\jchance7\Documents\SeniorProject\HLS\SP_CNN\solution1\.autopilot\db\activation.pp.0.cc:20723:16: note: FIX-IT applied suggested code changes
C:\Users\jchance7\Documents\SeniorProject\HLS\SP_CNN\solution1\.autopilot\db\activation.pp.0.cc:20737:20: warning: Added loop label VITIS_LOOP_341_3:   [xilinx-label-all-loops]
                   for(int i = 0; i < W_-1; ++i) {
                   ^~~
                   VITIS_LOOP_341_3: 
C:\Users\jchance7\Documents\SeniorProject\HLS\SP_CNN\solution1\.autopilot\db\activation.pp.0.cc:20737:20: note: FIX-IT applied suggested code changes
C:\Users\jchance7\Documents\SeniorProject\HLS\SP_CNN\solution1\.autopilot\db\activation.pp.0.cc:20830:12: warning: Added loop label VITIS_LOOP_459_1:   [xilinx-label-all-loops]
           for (int j =WO_d-1; j >= W_-1; j--) {
           ^~~
           VITIS_LOOP_459_1: 
C:\Users\jchance7\Documents\SeniorProject\HLS\SP_CNN\solution1\.autopilot\db\activation.pp.0.cc:20830:12: note: FIX-IT applied suggested code changes
C:\Users\jchance7\Documents\SeniorProject\HLS\SP_CNN\solution1\.autopilot\db\activation.pp.0.cc:20844:15: warning: Added loop label VITIS_LOOP_473_2:   [xilinx-label-all-loops]
              for(int i = 0; i < W_-1; ++i) {
              ^~~
              VITIS_LOOP_473_2: 
C:\Users\jchance7\Documents\SeniorProject\HLS\SP_CNN\solution1\.autopilot\db\activation.pp.0.cc:20844:15: note: FIX-IT applied suggested code changes
C:\Users\jchance7\Documents\SeniorProject\HLS\SP_CNN\solution1\.autopilot\db\activation.pp.0.cc:20957:13: warning: Added loop label VITIS_LOOP_59_1:   [xilinx-label-all-loops]
            for (int i = 0; i < W_-1; i++){
            ^~~
            VITIS_LOOP_59_1: 
C:\Users\jchance7\Documents\SeniorProject\HLS\SP_CNN\solution1\.autopilot\db\activation.pp.0.cc:20957:13: note: FIX-IT applied suggested code changes
C:\Users\jchance7\Documents\SeniorProject\HLS\SP_CNN\solution1\.autopilot\db\activation.pp.0.cc:21081:13: warning: Added loop label VITIS_LOOP_209_1:   [xilinx-label-all-loops]
            for (int i = 0; i < W_-1; i++){
            ^~~
            VITIS_LOOP_209_1: 
C:\Users\jchance7\Documents\SeniorProject\HLS\SP_CNN\solution1\.autopilot\db\activation.pp.0.cc:21081:13: note: FIX-IT applied suggested code changes
C:\Users\jchance7\Documents\SeniorProject\HLS\SP_CNN\solution1\.autopilot\db\activation.pp.0.cc:21136:13: warning: Added loop label VITIS_LOOP_274_1:   [xilinx-label-all-loops]
            for (int i = 0; i < W_-1; i++){
            ^~~
            VITIS_LOOP_274_1: 
C:\Users\jchance7\Documents\SeniorProject\HLS\SP_CNN\solution1\.autopilot\db\activation.pp.0.cc:21136:13: note: FIX-IT applied suggested code changes
C:\Users\jchance7\Documents\SeniorProject\HLS\SP_CNN\solution1\.autopilot\db\activation.pp.0.cc:21641:2: warning: Added loop label VITIS_LOOP_42_1:   [xilinx-label-all-loops]
 for (int i=0; i<W_;i++)
 ^~~
 VITIS_LOOP_42_1: 
C:\Users\jchance7\Documents\SeniorProject\HLS\SP_CNN\solution1\.autopilot\db\activation.pp.0.cc:21641:2: note: FIX-IT applied suggested code changes
C:\Users\jchance7\Documents\SeniorProject\HLS\SP_CNN\solution1\.autopilot\db\activation.pp.0.cc:21652:2: warning: Added loop label VITIS_LOOP_53_1:   [xilinx-label-all-loops]
 for (int i=0; i<W_;i++)
 ^~~
 VITIS_LOOP_53_1: 
C:\Users\jchance7\Documents\SeniorProject\HLS\SP_CNN\solution1\.autopilot\db\activation.pp.0.cc:21652:2: note: FIX-IT applied suggested code changes
C:\Users\jchance7\Documents\SeniorProject\HLS\SP_CNN\solution1\.autopilot\db\activation.pp.0.cc:21663:2: warning: Added loop label VITIS_LOOP_64_1:   [xilinx-label-all-loops]
 for (int i=0; i<I_;i++)
 ^~~
 VITIS_LOOP_64_1: 
C:\Users\jchance7\Documents\SeniorProject\HLS\SP_CNN\solution1\.autopilot\db\activation.pp.0.cc:21663:2: note: FIX-IT applied suggested code changes
C:\Users\jchance7\Documents\SeniorProject\HLS\SP_CNN\solution1\.autopilot\db\activation.pp.0.cc:21674:2: warning: Added loop label VITIS_LOOP_75_1:   [xilinx-label-all-loops]
 for (int i=0; i<I_;i++)
 ^~~
 VITIS_LOOP_75_1: 
C:\Users\jchance7\Documents\SeniorProject\HLS\SP_CNN\solution1\.autopilot\db\activation.pp.0.cc:21674:2: note: FIX-IT applied suggested code changes
C:\Users\jchance7\Documents\SeniorProject\HLS\SP_CNN\solution1\.autopilot\db\activation.pp.0.cc:21685:2: warning: Added loop label VITIS_LOOP_86_1:   [xilinx-label-all-loops]
 for (int i=0; i<W_;i++)
 ^~~
 VITIS_LOOP_86_1: 
C:\Users\jchance7\Documents\SeniorProject\HLS\SP_CNN\solution1\.autopilot\db\activation.pp.0.cc:21685:2: note: FIX-IT applied suggested code changes
C:\Users\jchance7\Documents\SeniorProject\HLS\SP_CNN\solution1\.autopilot\db\activation.pp.0.cc:21696:2: warning: Added loop label VITIS_LOOP_97_1:   [xilinx-label-all-loops]
 for (int i=0; i<W_;i++)
 ^~~
 VITIS_LOOP_97_1: 
C:\Users\jchance7\Documents\SeniorProject\HLS\SP_CNN\solution1\.autopilot\db\activation.pp.0.cc:21696:2: note: FIX-IT applied suggested code changes
C:\Users\jchance7\Documents\SeniorProject\HLS\SP_CNN\solution1\.autopilot\db\activation.pp.0.cc:21707:2: warning: Added loop label VITIS_LOOP_108_1:   [xilinx-label-all-loops]
 for (int i=0; i<I_;i++)
 ^~~
 VITIS_LOOP_108_1: 
C:\Users\jchance7\Documents\SeniorProject\HLS\SP_CNN\solution1\.autopilot\db\activation.pp.0.cc:21707:2: note: FIX-IT applied suggested code changes
C:\Users\jchance7\Documents\SeniorProject\HLS\SP_CNN\solution1\.autopilot\db\activation.pp.0.cc:21718:2: warning: Added loop label VITIS_LOOP_119_1:   [xilinx-label-all-loops]
 for (int i=0; i<I_;i++)
 ^~~
 VITIS_LOOP_119_1: 
C:\Users\jchance7\Documents\SeniorProject\HLS\SP_CNN\solution1\.autopilot\db\activation.pp.0.cc:21718:2: note: FIX-IT applied suggested code changes
C:\Users\jchance7\Documents\SeniorProject\HLS\SP_CNN\solution1\.autopilot\db\activation.pp.0.cc:24019:12: warning: Added loop label VITIS_LOOP_23_1:   [xilinx-label-all-loops]
           for(int i = 0; i < W_-1; ++i) {
           ^~~
           VITIS_LOOP_23_1: 
C:\Users\jchance7\Documents\SeniorProject\HLS\SP_CNN\solution1\.autopilot\db\activation.pp.0.cc:24019:12: note: FIX-IT applied suggested code changes
C:\Users\jchance7\Documents\SeniorProject\HLS\SP_CNN\solution1\.autopilot\db\activation.pp.0.cc:24083:7: warning: Added loop label VITIS_LOOP_66_1:   [xilinx-label-all-loops]
      for(int pos = msbr - 1 ; pos >= -F-1; pos--) {
      ^~~
      VITIS_LOOP_66_1: 
C:\Users\jchance7\Documents\SeniorProject\HLS\SP_CNN\solution1\.autopilot\db\activation.pp.0.cc:24083:7: note: FIX-IT applied suggested code changes
C:\Users\jchance7\Documents\SeniorProject\HLS\SP_CNN\solution1\.autopilot\db\activation.pp.0.cc:24200:9: warning: Added loop label VITIS_LOOP_75_1:   [xilinx-label-all-loops]
        for(int pos = msbr - 1; pos >= 0; pos--) {
        ^~~
        VITIS_LOOP_75_1: 
C:\Users\jchance7\Documents\SeniorProject\HLS\SP_CNN\solution1\.autopilot\db\activation.pp.0.cc:24200:9: note: FIX-IT applied suggested code changes
C:\Users\jchance7\Documents\SeniorProject\HLS\SP_CNN\solution1\.autopilot\db\activation.pp.0.cc:24225:5: warning: Added loop label VITIS_LOOP_107_2:   [xilinx-label-all-loops]
    for(int pos = -1; pos >= -F-1; pos--) {
    ^~~
    VITIS_LOOP_107_2: 
C:\Users\jchance7\Documents\SeniorProject\HLS\SP_CNN\solution1\.autopilot\db\activation.pp.0.cc:24225:5: note: FIX-IT applied suggested code changes
C:\Users\jchance7\Documents\SeniorProject\HLS\SP_CNN\solution1\.autopilot\db\activation.pp.0.cc:24295:8: warning: Added loop label VITIS_LOOP_195_3:   [xilinx-label-all-loops]
       for(int i = 0; i < W - 1; ++i) {
       ^~~
       VITIS_LOOP_195_3: 
C:\Users\jchance7\Documents\SeniorProject\HLS\SP_CNN\solution1\.autopilot\db\activation.pp.0.cc:24295:8: note: FIX-IT applied suggested code changes
C:\Users\jchance7\Documents\SeniorProject\HLS\SP_CNN\solution1\.autopilot\db\activation.pp.0.cc:26526:5: warning: Added loop label VITIS_LOOP_13_1:   [xilinx-label-all-loops]
    for (int i =0;i<10;++i){
    ^~~
    VITIS_LOOP_13_1: 
C:\Users\jchance7\Documents\SeniorProject\HLS\SP_CNN\solution1\.autopilot\db\activation.pp.0.cc:26526:5: note: FIX-IT applied suggested code changes
C:\Users\jchance7\Documents\SeniorProject\HLS\SP_CNN\solution1\.autopilot\db\activation.pp.0.cc:26531:5: warning: Added loop label VITIS_LOOP_18_2:   [xilinx-label-all-loops]
    for (int i = 0; i < 10; ++i) {
    ^~~
    VITIS_LOOP_18_2: 
C:\Users\jchance7\Documents\SeniorProject\HLS\SP_CNN\solution1\.autopilot\db\activation.pp.0.cc:26531:5: note: FIX-IT applied suggested code changes
C:\Users\jchance7\Documents\SeniorProject\HLS\SP_CNN\solution1\.autopilot\db\activation.pp.0.cc:26539:9: warning: Added loop label VITIS_LOOP_26_3:   [xilinx-label-all-loops]
        for (int k = 0; k < 10; ++k) {
        ^~~
        VITIS_LOOP_26_3: 
C:\Users\jchance7\Documents\SeniorProject\HLS\SP_CNN\solution1\.autopilot\db\activation.pp.0.cc:26539:9: note: FIX-IT applied suggested code changes
C:\Users\jchance7\Documents\SeniorProject\HLS\SP_CNN\solution1\.autopilot\db\activation.pp.0.cc:26548:5: warning: Added loop label VITIS_LOOP_35_4:   [xilinx-label-all-loops]
    for (int k = 0; k < 10; ++k) {
    ^~~
    VITIS_LOOP_35_4: 
C:\Users\jchance7\Documents\SeniorProject\HLS\SP_CNN\solution1\.autopilot\db\activation.pp.0.cc:26548:5: note: FIX-IT applied suggested code changes
