C:\Users\jchance7\Documents\SeniorProject\HLS\SP_CNN\solution1\.autopilot\db\conv.pp.0.cc:1342:7: warning: Added loop label VITIS_LOOP_1213_1:   [xilinx-label-all-loops]
      for (i = 0; i < __N - 1; ++i) {
      ^~~
      VITIS_LOOP_1213_1: 
C:\Users\jchance7\Documents\SeniorProject\HLS\SP_CNN\solution1\.autopilot\db\conv.pp.0.cc:1342:7: note: FIX-IT applied suggested code changes
C:\Users\jchance7\Documents\SeniorProject\HLS\SP_CNN\solution1\.autopilot\db\conv.pp.0.cc:2316:5: warning: Added loop label VITIS_LOOP_676_1:   [xilinx-label-all-loops]
    for (unsigned i = low; i != high; ++i) {
    ^~~
    VITIS_LOOP_676_1: 
C:\Users\jchance7\Documents\SeniorProject\HLS\SP_CNN\solution1\.autopilot\db\conv.pp.0.cc:2316:5: note: FIX-IT applied suggested code changes
C:\Users\jchance7\Documents\SeniorProject\HLS\SP_CNN\solution1\.autopilot\db\conv.pp.0.cc:2330:5: warning: Added loop label VITIS_LOOP_690_1:   [xilinx-label-all-loops]
    for (unsigned i = low; i != high; ++i) {
    ^~~
    VITIS_LOOP_690_1: 
C:\Users\jchance7\Documents\SeniorProject\HLS\SP_CNN\solution1\.autopilot\db\conv.pp.0.cc:2330:5: note: FIX-IT applied suggested code changes
C:\Users\jchance7\Documents\SeniorProject\HLS\SP_CNN\solution1\.autopilot\db\conv.pp.0.cc:2344:5: warning: Added loop label VITIS_LOOP_704_1:   [xilinx-label-all-loops]
    for (unsigned i = low; i != high; ++i) {
    ^~~
    VITIS_LOOP_704_1: 
C:\Users\jchance7\Documents\SeniorProject\HLS\SP_CNN\solution1\.autopilot\db\conv.pp.0.cc:2344:5: note: FIX-IT applied suggested code changes
C:\Users\jchance7\Documents\SeniorProject\HLS\SP_CNN\solution1\.autopilot\db\conv.pp.0.cc:3943:7: warning: Added loop label VITIS_LOOP_1247_1:   [xilinx-label-all-loops]
      for (i = 0; i < __N - 1; ++i) {
      ^~~
      VITIS_LOOP_1247_1: 
C:\Users\jchance7\Documents\SeniorProject\HLS\SP_CNN\solution1\.autopilot\db\conv.pp.0.cc:3943:7: note: FIX-IT applied suggested code changes
C:\Users\jchance7\Documents\SeniorProject\HLS\SP_CNN\solution1\.autopilot\db\conv.pp.0.cc:9298:3: warning: Added loop label VITIS_LOOP_49_1:   [xilinx-label-all-loops]
  for (int fo = 0; fo < 50/10; ++fo) {
  ^~~
  VITIS_LOOP_49_1: 
C:\Users\jchance7\Documents\SeniorProject\HLS\SP_CNN\solution1\.autopilot\db\conv.pp.0.cc:9298:3: note: FIX-IT applied suggested code changes
C:\Users\jchance7\Documents\SeniorProject\HLS\SP_CNN\solution1\.autopilot\db\conv.pp.0.cc:9300:2: warning: Added loop label VITIS_LOOP_51_2:   [xilinx-label-all-loops]
 for (int ro = 0; ro < 10; ++ro) {
 ^~~
 VITIS_LOOP_51_2: 
C:\Users\jchance7\Documents\SeniorProject\HLS\SP_CNN\solution1\.autopilot\db\conv.pp.0.cc:9300:2: note: FIX-IT applied suggested code changes
C:\Users\jchance7\Documents\SeniorProject\HLS\SP_CNN\solution1\.autopilot\db\conv.pp.0.cc:9301:5: warning: Added loop label VITIS_LOOP_52_3:   [xilinx-label-all-loops]
    for (int co = 0; co < 10; ++co) {
    ^~~
    VITIS_LOOP_52_3: 
C:\Users\jchance7\Documents\SeniorProject\HLS\SP_CNN\solution1\.autopilot\db\conv.pp.0.cc:9301:5: note: FIX-IT applied suggested code changes
C:\Users\jchance7\Documents\SeniorProject\HLS\SP_CNN\solution1\.autopilot\db\conv.pp.0.cc:9304:6: warning: Added loop label VITIS_LOOP_55_4:   [xilinx-label-all-loops]
     for (int kr = 0; kr < 5; ++kr) {
     ^~~
     VITIS_LOOP_55_4: 
C:\Users\jchance7\Documents\SeniorProject\HLS\SP_CNN\solution1\.autopilot\db\conv.pp.0.cc:9304:6: note: FIX-IT applied suggested code changes
C:\Users\jchance7\Documents\SeniorProject\HLS\SP_CNN\solution1\.autopilot\db\conv.pp.0.cc:9305:7: warning: Added loop label VITIS_LOOP_56_5:   [xilinx-label-all-loops]
      for (int kc = 0; kc < 5; ++kc) {
      ^~~
      VITIS_LOOP_56_5: 
C:\Users\jchance7\Documents\SeniorProject\HLS\SP_CNN\solution1\.autopilot\db\conv.pp.0.cc:9305:7: note: FIX-IT applied suggested code changes
C:\Users\jchance7\Documents\SeniorProject\HLS\SP_CNN\solution1\.autopilot\db\conv.pp.0.cc:9306:8: warning: Added loop label VITIS_LOOP_57_6:   [xilinx-label-all-loops]
       for (int fi = 0; fi < 20; ++fi) {
       ^~~
       VITIS_LOOP_57_6: 
C:\Users\jchance7\Documents\SeniorProject\HLS\SP_CNN\solution1\.autopilot\db\conv.pp.0.cc:9306:8: note: FIX-IT applied suggested code changes
