C:\Users\jchance7\Documents\SeniorProject\HLS\SP_CNN\solution1\.autopilot\db\dense.pp.0.cc:1338:7: warning: Added loop label VITIS_LOOP_1213_1:   [xilinx-label-all-loops]
      for (i = 0; i < __N - 1; ++i) {
      ^~~
      VITIS_LOOP_1213_1: 
C:\Users\jchance7\Documents\SeniorProject\HLS\SP_CNN\solution1\.autopilot\db\dense.pp.0.cc:1338:7: note: FIX-IT applied suggested code changes
C:\Users\jchance7\Documents\SeniorProject\HLS\SP_CNN\solution1\.autopilot\db\dense.pp.0.cc:2312:5: warning: Added loop label VITIS_LOOP_676_1:   [xilinx-label-all-loops]
    for (unsigned i = low; i != high; ++i) {
    ^~~
    VITIS_LOOP_676_1: 
C:\Users\jchance7\Documents\SeniorProject\HLS\SP_CNN\solution1\.autopilot\db\dense.pp.0.cc:2312:5: note: FIX-IT applied suggested code changes
C:\Users\jchance7\Documents\SeniorProject\HLS\SP_CNN\solution1\.autopilot\db\dense.pp.0.cc:2326:5: warning: Added loop label VITIS_LOOP_690_1:   [xilinx-label-all-loops]
    for (unsigned i = low; i != high; ++i) {
    ^~~
    VITIS_LOOP_690_1: 
C:\Users\jchance7\Documents\SeniorProject\HLS\SP_CNN\solution1\.autopilot\db\dense.pp.0.cc:2326:5: note: FIX-IT applied suggested code changes
C:\Users\jchance7\Documents\SeniorProject\HLS\SP_CNN\solution1\.autopilot\db\dense.pp.0.cc:2340:5: warning: Added loop label VITIS_LOOP_704_1:   [xilinx-label-all-loops]
    for (unsigned i = low; i != high; ++i) {
    ^~~
    VITIS_LOOP_704_1: 
C:\Users\jchance7\Documents\SeniorProject\HLS\SP_CNN\solution1\.autopilot\db\dense.pp.0.cc:2340:5: note: FIX-IT applied suggested code changes
C:\Users\jchance7\Documents\SeniorProject\HLS\SP_CNN\solution1\.autopilot\db\dense.pp.0.cc:3939:7: warning: Added loop label VITIS_LOOP_1247_1:   [xilinx-label-all-loops]
      for (i = 0; i < __N - 1; ++i) {
      ^~~
      VITIS_LOOP_1247_1: 
C:\Users\jchance7\Documents\SeniorProject\HLS\SP_CNN\solution1\.autopilot\db\dense.pp.0.cc:3939:7: note: FIX-IT applied suggested code changes
C:\Users\jchance7\Documents\SeniorProject\HLS\SP_CNN\solution1\.autopilot\db\dense.pp.0.cc:9250:5: warning: Added loop label VITIS_LOOP_8_1:   [xilinx-label-all-loops]
    for (int i=0; i<10; ++i){
    ^~~
    VITIS_LOOP_8_1: 
C:\Users\jchance7\Documents\SeniorProject\HLS\SP_CNN\solution1\.autopilot\db\dense.pp.0.cc:9250:5: note: FIX-IT applied suggested code changes
C:\Users\jchance7\Documents\SeniorProject\HLS\SP_CNN\solution1\.autopilot\db\dense.pp.0.cc:9253:9: warning: Added loop label VITIS_LOOP_11_2:   [xilinx-label-all-loops]
        for (int j=0;j<(50 * (10 / 2) * (10 / 2));++j){
        ^~~
        VITIS_LOOP_11_2: 
C:\Users\jchance7\Documents\SeniorProject\HLS\SP_CNN\solution1\.autopilot\db\dense.pp.0.cc:9253:9: note: FIX-IT applied suggested code changes
