C:\Users\jchance7\Documents\SeniorProject\HLS\SP_CNN\solution1\.autopilot\db\flatten.pp.0.cc:1339:7: warning: Added loop label VITIS_LOOP_1213_1:   [xilinx-label-all-loops]
      for (i = 0; i < __N - 1; ++i) {
      ^~~
      VITIS_LOOP_1213_1: 
C:\Users\jchance7\Documents\SeniorProject\HLS\SP_CNN\solution1\.autopilot\db\flatten.pp.0.cc:1339:7: note: FIX-IT applied suggested code changes
C:\Users\jchance7\Documents\SeniorProject\HLS\SP_CNN\solution1\.autopilot\db\flatten.pp.0.cc:2313:5: warning: Added loop label VITIS_LOOP_676_1:   [xilinx-label-all-loops]
    for (unsigned i = low; i != high; ++i) {
    ^~~
    VITIS_LOOP_676_1: 
C:\Users\jchance7\Documents\SeniorProject\HLS\SP_CNN\solution1\.autopilot\db\flatten.pp.0.cc:2313:5: note: FIX-IT applied suggested code changes
C:\Users\jchance7\Documents\SeniorProject\HLS\SP_CNN\solution1\.autopilot\db\flatten.pp.0.cc:2327:5: warning: Added loop label VITIS_LOOP_690_1:   [xilinx-label-all-loops]
    for (unsigned i = low; i != high; ++i) {
    ^~~
    VITIS_LOOP_690_1: 
C:\Users\jchance7\Documents\SeniorProject\HLS\SP_CNN\solution1\.autopilot\db\flatten.pp.0.cc:2327:5: note: FIX-IT applied suggested code changes
C:\Users\jchance7\Documents\SeniorProject\HLS\SP_CNN\solution1\.autopilot\db\flatten.pp.0.cc:2341:5: warning: Added loop label VITIS_LOOP_704_1:   [xilinx-label-all-loops]
    for (unsigned i = low; i != high; ++i) {
    ^~~
    VITIS_LOOP_704_1: 
C:\Users\jchance7\Documents\SeniorProject\HLS\SP_CNN\solution1\.autopilot\db\flatten.pp.0.cc:2341:5: note: FIX-IT applied suggested code changes
C:\Users\jchance7\Documents\SeniorProject\HLS\SP_CNN\solution1\.autopilot\db\flatten.pp.0.cc:3940:7: warning: Added loop label VITIS_LOOP_1247_1:   [xilinx-label-all-loops]
      for (i = 0; i < __N - 1; ++i) {
      ^~~
      VITIS_LOOP_1247_1: 
C:\Users\jchance7\Documents\SeniorProject\HLS\SP_CNN\solution1\.autopilot\db\flatten.pp.0.cc:3940:7: note: FIX-IT applied suggested code changes
C:\Users\jchance7\Documents\SeniorProject\HLS\SP_CNN\solution1\.autopilot\db\flatten.pp.0.cc:5868:13: warning: Added loop label VITIS_LOOP_14_1:   [xilinx-label-all-loops]
            for (int r = 0; r<(10 / 2);++r){
            ^~~
            VITIS_LOOP_14_1: 
C:\Users\jchance7\Documents\SeniorProject\HLS\SP_CNN\solution1\.autopilot\db\flatten.pp.0.cc:5868:13: note: FIX-IT applied suggested code changes
C:\Users\jchance7\Documents\SeniorProject\HLS\SP_CNN\solution1\.autopilot\db\flatten.pp.0.cc:5870:2: warning: Added loop label VITIS_LOOP_16_2:   [xilinx-label-all-loops]
 for (int c=0;c<(10 / 2);++c){
 ^~~
 VITIS_LOOP_16_2: 
C:\Users\jchance7\Documents\SeniorProject\HLS\SP_CNN\solution1\.autopilot\db\flatten.pp.0.cc:5870:2: note: FIX-IT applied suggested code changes
C:\Users\jchance7\Documents\SeniorProject\HLS\SP_CNN\solution1\.autopilot\db\flatten.pp.0.cc:5871:21: warning: Added loop label VITIS_LOOP_17_3:   [xilinx-label-all-loops]
                    for (int f =0;f<50/10;++f){
                    ^~~
                    VITIS_LOOP_17_3: 
C:\Users\jchance7\Documents\SeniorProject\HLS\SP_CNN\solution1\.autopilot\db\flatten.pp.0.cc:5871:21: note: FIX-IT applied suggested code changes
