C:\Users\jchance7\Documents\SeniorProject\HLS\SP_CNN\solution1\.autopilot\db\pool.pp.0.cc:1339:7: warning: Added loop label VITIS_LOOP_1213_1:   [xilinx-label-all-loops]
      for (i = 0; i < __N - 1; ++i) {
      ^~~
      VITIS_LOOP_1213_1: 
C:\Users\jchance7\Documents\SeniorProject\HLS\SP_CNN\solution1\.autopilot\db\pool.pp.0.cc:1339:7: note: FIX-IT applied suggested code changes
C:\Users\jchance7\Documents\SeniorProject\HLS\SP_CNN\solution1\.autopilot\db\pool.pp.0.cc:2313:5: warning: Added loop label VITIS_LOOP_676_1:   [xilinx-label-all-loops]
    for (unsigned i = low; i != high; ++i) {
    ^~~
    VITIS_LOOP_676_1: 
C:\Users\jchance7\Documents\SeniorProject\HLS\SP_CNN\solution1\.autopilot\db\pool.pp.0.cc:2313:5: note: FIX-IT applied suggested code changes
C:\Users\jchance7\Documents\SeniorProject\HLS\SP_CNN\solution1\.autopilot\db\pool.pp.0.cc:2327:5: warning: Added loop label VITIS_LOOP_690_1:   [xilinx-label-all-loops]
    for (unsigned i = low; i != high; ++i) {
    ^~~
    VITIS_LOOP_690_1: 
C:\Users\jchance7\Documents\SeniorProject\HLS\SP_CNN\solution1\.autopilot\db\pool.pp.0.cc:2327:5: note: FIX-IT applied suggested code changes
C:\Users\jchance7\Documents\SeniorProject\HLS\SP_CNN\solution1\.autopilot\db\pool.pp.0.cc:2341:5: warning: Added loop label VITIS_LOOP_704_1:   [xilinx-label-all-loops]
    for (unsigned i = low; i != high; ++i) {
    ^~~
    VITIS_LOOP_704_1: 
C:\Users\jchance7\Documents\SeniorProject\HLS\SP_CNN\solution1\.autopilot\db\pool.pp.0.cc:2341:5: note: FIX-IT applied suggested code changes
C:\Users\jchance7\Documents\SeniorProject\HLS\SP_CNN\solution1\.autopilot\db\pool.pp.0.cc:3940:7: warning: Added loop label VITIS_LOOP_1247_1:   [xilinx-label-all-loops]
      for (i = 0; i < __N - 1; ++i) {
      ^~~
      VITIS_LOOP_1247_1: 
C:\Users\jchance7\Documents\SeniorProject\HLS\SP_CNN\solution1\.autopilot\db\pool.pp.0.cc:3940:7: note: FIX-IT applied suggested code changes
