

================================================================
== Vitis HLS Report for 'write_to_stream'
================================================================
* Date:           Sun Dec  1 17:06:11 2024

* Version:        2023.1.1 (Build 3869133 on Jun 15 2023)
* Project:        SP_CNN
* Solution:       solution1 (Vivado IP Flow Target)
* Product family: zynquplus
* Target device:  xczu3eg-sbva484-2-i


================================================================
== Performance Estimates
================================================================
+ Timing: 
    * Summary: 
    +--------+----------+----------+------------+
    |  Clock |  Target  | Estimated| Uncertainty|
    +--------+----------+----------+------------+
    |ap_clk  |  10.00 ns|  7.300 ns|     2.70 ns|
    +--------+----------+----------+------------+

+ Latency: 
    * Summary: 
    +---------+---------+----------+----------+-----+-----+---------+
    |  Latency (cycles) |  Latency (absolute) |  Interval | Pipeline|
    |   min   |   max   |    min   |    max   | min | max |   Type  |
    +---------+---------+----------+----------+-----+-----+---------+
    |      797|      797|  7.970 us|  7.970 us|  797|  797|       no|
    +---------+---------+----------+----------+-----+-----+---------+

    + Detail: 
        * Instance: 
        +------------------------------------------------------------------+--------------------------------------------------------+---------+---------+----------+----------+-----+-----+---------+
        |                                                                  |                                                        |  Latency (cycles) |  Latency (absolute) |  Interval | Pipeline|
        |                             Instance                             |                         Module                         |   min   |   max   |    min   |    max   | min | max |   Type  |
        +------------------------------------------------------------------+--------------------------------------------------------+---------+---------+----------+----------+-----+-----+---------+
        |grp_write_to_stream_Pipeline_clone_for_rows_clone_for_cols_fu_71  |write_to_stream_Pipeline_clone_for_rows_clone_for_cols  |      787|      787|  7.870 us|  7.870 us|  787|  787|       no|
        +------------------------------------------------------------------+--------------------------------------------------------+---------+---------+----------+----------+-----+-----+---------+

        * Loop: 
        N/A

============================================================
+ Verbose Summary: Synthesis Manager
============================================================
InlineROM: 1
ExposeGlobal: 0
============================================================
+ Verbose Summary: CDFG Model
============================================================
IsTopModel: 0
ResetActiveHigh: 1
IsCombinational: 2
IsDatapathOnly: 0
HasWiredReturn: 1
HasMFsm: 0
HasVarLatency: 1
IsPipeline: 0
IsRtlPipelined: 0
IsInstanceOverlapped: 0
IsDontTouch: 0
HasImplIP: 0
IsGatedGlobalClock: 0


============================================================
+ Verbose Summary: Schedule
============================================================
* Number of FSM states : 11
* Pipeline : 0
* Dataflow Pipeline: 0

* FSM state transitions: 
1 --> 2 
2 --> 3 
3 --> 4 
4 --> 5 
5 --> 6 
6 --> 7 
7 --> 8 
8 --> 9 
9 --> 10 
10 --> 11 
11 --> 

* FSM state operations: 

State 1 <SV = 0> <Delay = 7.30>
ST_1 : Operation 12 [1/1] (0.00ns)   --->   "%image_read = read i64 @_ssdm_op_Read.ap_auto.i64, i64 %image_r" [cnn.cc:53]   --->   Operation 12 'read' 'image_read' <Predicate = true> <Delay = 0.00>
ST_1 : Operation 13 [1/1] (0.00ns)   --->   "%writereq_ln55 = writereq void @_ssdm_op_WriteReq, i32 %img_stream, i32 2" [cnn.cc:55]   --->   Operation 13 'writereq' 'writereq_ln55' <Predicate = true> <Delay = 0.00>
ST_1 : Operation 14 [1/1] (0.00ns)   --->   "%trunc_ln = partselect i62 @_ssdm_op_PartSelect.i62.i64.i32.i32, i64 %image_read, i32 2, i32 63" [cnn.cc:56]   --->   Operation 14 'partselect' 'trunc_ln' <Predicate = true> <Delay = 0.00>
ST_1 : Operation 15 [1/1] (0.00ns)   --->   "%sext_ln56 = sext i62 %trunc_ln" [cnn.cc:56]   --->   Operation 15 'sext' 'sext_ln56' <Predicate = true> <Delay = 0.00>
ST_1 : Operation 16 [1/1] (0.00ns)   --->   "%INPUT_r_addr = getelementptr i32 %INPUT_r, i64 %sext_ln56" [cnn.cc:56]   --->   Operation 16 'getelementptr' 'INPUT_r_addr' <Predicate = true> <Delay = 0.00>
ST_1 : Operation 17 [8/8] (7.30ns)   --->   "%empty = readreq i1 @_ssdm_op_ReadReq.m_axi.p1i32, i32 %INPUT_r_addr, i32 784" [cnn.cc:56]   --->   Operation 17 'readreq' 'empty' <Predicate = true> <Delay = 7.30> <CoreInst = "m_axi">   --->   Core 121 'm_axi' <Latency = 0> <II = 1> <Delay = 1.00> <Adapter> <Opcode : 'read' 'write' 'readreq' 'writereq' 'writeresp'>

State 2 <SV = 1> <Delay = 7.30>
ST_2 : Operation 18 [7/8] (7.30ns)   --->   "%empty = readreq i1 @_ssdm_op_ReadReq.m_axi.p1i32, i32 %INPUT_r_addr, i32 784" [cnn.cc:56]   --->   Operation 18 'readreq' 'empty' <Predicate = true> <Delay = 7.30> <CoreInst = "m_axi">   --->   Core 121 'm_axi' <Latency = 0> <II = 1> <Delay = 1.00> <Adapter> <Opcode : 'read' 'write' 'readreq' 'writereq' 'writeresp'>

State 3 <SV = 2> <Delay = 7.30>
ST_3 : Operation 19 [6/8] (7.30ns)   --->   "%empty = readreq i1 @_ssdm_op_ReadReq.m_axi.p1i32, i32 %INPUT_r_addr, i32 784" [cnn.cc:56]   --->   Operation 19 'readreq' 'empty' <Predicate = true> <Delay = 7.30> <CoreInst = "m_axi">   --->   Core 121 'm_axi' <Latency = 0> <II = 1> <Delay = 1.00> <Adapter> <Opcode : 'read' 'write' 'readreq' 'writereq' 'writeresp'>

State 4 <SV = 3> <Delay = 7.30>
ST_4 : Operation 20 [5/8] (7.30ns)   --->   "%empty = readreq i1 @_ssdm_op_ReadReq.m_axi.p1i32, i32 %INPUT_r_addr, i32 784" [cnn.cc:56]   --->   Operation 20 'readreq' 'empty' <Predicate = true> <Delay = 7.30> <CoreInst = "m_axi">   --->   Core 121 'm_axi' <Latency = 0> <II = 1> <Delay = 1.00> <Adapter> <Opcode : 'read' 'write' 'readreq' 'writereq' 'writeresp'>

State 5 <SV = 4> <Delay = 7.30>
ST_5 : Operation 21 [4/8] (7.30ns)   --->   "%empty = readreq i1 @_ssdm_op_ReadReq.m_axi.p1i32, i32 %INPUT_r_addr, i32 784" [cnn.cc:56]   --->   Operation 21 'readreq' 'empty' <Predicate = true> <Delay = 7.30> <CoreInst = "m_axi">   --->   Core 121 'm_axi' <Latency = 0> <II = 1> <Delay = 1.00> <Adapter> <Opcode : 'read' 'write' 'readreq' 'writereq' 'writeresp'>

State 6 <SV = 5> <Delay = 7.30>
ST_6 : Operation 22 [3/8] (7.30ns)   --->   "%empty = readreq i1 @_ssdm_op_ReadReq.m_axi.p1i32, i32 %INPUT_r_addr, i32 784" [cnn.cc:56]   --->   Operation 22 'readreq' 'empty' <Predicate = true> <Delay = 7.30> <CoreInst = "m_axi">   --->   Core 121 'm_axi' <Latency = 0> <II = 1> <Delay = 1.00> <Adapter> <Opcode : 'read' 'write' 'readreq' 'writereq' 'writeresp'>

State 7 <SV = 6> <Delay = 7.30>
ST_7 : Operation 23 [2/8] (7.30ns)   --->   "%empty = readreq i1 @_ssdm_op_ReadReq.m_axi.p1i32, i32 %INPUT_r_addr, i32 784" [cnn.cc:56]   --->   Operation 23 'readreq' 'empty' <Predicate = true> <Delay = 7.30> <CoreInst = "m_axi">   --->   Core 121 'm_axi' <Latency = 0> <II = 1> <Delay = 1.00> <Adapter> <Opcode : 'read' 'write' 'readreq' 'writereq' 'writeresp'>

State 8 <SV = 7> <Delay = 7.30>
ST_8 : Operation 24 [1/8] (7.30ns)   --->   "%empty = readreq i1 @_ssdm_op_ReadReq.m_axi.p1i32, i32 %INPUT_r_addr, i32 784" [cnn.cc:56]   --->   Operation 24 'readreq' 'empty' <Predicate = true> <Delay = 7.30> <CoreInst = "m_axi">   --->   Core 121 'm_axi' <Latency = 0> <II = 1> <Delay = 1.00> <Adapter> <Opcode : 'read' 'write' 'readreq' 'writereq' 'writeresp'>

State 9 <SV = 8> <Delay = 0.00>
ST_9 : Operation 25 [2/2] (0.00ns)   --->   "%call_ln56 = call void @write_to_stream_Pipeline_clone_for_rows_clone_for_cols, i32 %INPUT_r, i62 %trunc_ln, i32 %img_stream" [cnn.cc:56]   --->   Operation 25 'call' 'call_ln56' <Predicate = true> <Delay = 0.00> <CoreType = "Generic">   --->   Core 0 '' <Latency = 0> <II = 1> <Delay = 1.00> <Generic> <Opcode : >

State 10 <SV = 9> <Delay = 0.00>
ST_10 : Operation 26 [1/2] (0.00ns)   --->   "%call_ln56 = call void @write_to_stream_Pipeline_clone_for_rows_clone_for_cols, i32 %INPUT_r, i62 %trunc_ln, i32 %img_stream" [cnn.cc:56]   --->   Operation 26 'call' 'call_ln56' <Predicate = true> <Delay = 0.00> <CoreType = "Generic">   --->   Core 0 '' <Latency = 0> <II = 1> <Delay = 1.00> <Generic> <Opcode : >

State 11 <SV = 10> <Delay = 0.00>
ST_11 : Operation 27 [1/1] (0.00ns)   --->   "%specinterface_ln0 = specinterface void @_ssdm_op_SpecInterface, i32 %img_stream, void @empty_22, i32 0, i32 0, void @empty_26, i32 0, i32 0, void @empty_26, void @empty_26, void @empty_26, i32 2, i32 2, i32 16, i32 16, void @empty_26, void @empty_26, i32 4294967295, i32 0"   --->   Operation 27 'specinterface' 'specinterface_ln0' <Predicate = true> <Delay = 0.00>
ST_11 : Operation 28 [1/1] (0.00ns)   --->   "%specinterface_ln0 = specinterface void @_ssdm_op_SpecInterface, i32 %INPUT_r, void @empty_5, i32 0, i32 0, void @empty_26, i32 0, i32 784, void @empty_3, void @empty_4, void @empty_26, i32 16, i32 16, i32 16, i32 16, void @empty_26, void @empty_26, i32 4294967295, i32 0"   --->   Operation 28 'specinterface' 'specinterface_ln0' <Predicate = true> <Delay = 0.00>
ST_11 : Operation 29 [1/1] (0.00ns)   --->   "%write_ln63 = write void @_ssdm_op_Write, i32 %img_stream, i32 2" [cnn.cc:63]   --->   Operation 29 'write' 'write_ln63' <Predicate = true> <Delay = 0.00>
ST_11 : Operation 30 [1/1] (0.00ns)   --->   "%ret_ln63 = ret" [cnn.cc:63]   --->   Operation 30 'ret' 'ret_ln63' <Predicate = true> <Delay = 0.00>


============================================================
+ Verbose Summary: Binding
============================================================
STG Binding: 
---------------- STG Properties BEGIN ----------------
- Is combinational: 0
- Is one-state seq: 0
- Is datapath-only: 0
- Is pipelined: 0
- Is top level: 0
Port [ Return ] is wired: 1; IO mode=ap_ctrl_hs:ce=0
Port [ img_stream]:  wired=1; compound=1; hidden=0; nouse=0; global=0; static=0; extern=0; dir=1; type=5; pingpong=1; private_global=0; MemPort=[03]; IO mode=mem_fifo:ce=0
Port [ INPUT_r]:  wired=1; compound=1; hidden=0; nouse=0; global=0; static=0; extern=0; dir=0; type=4; pingpong=0; private_global=0; IO mode=m_axi:ce=0
Port [ image_r]:  wired=1; compound=0; hidden=0; nouse=0; global=0; static=0; extern=0; dir=0; type=0; pingpong=0; private_global=0; IO mode=ap_none:ce=0
---------------- STG Properties END ------------------

---------------- Datapath Model BEGIN ----------------

<LifeTime>
<method=bitvector/>
image_read        (read         ) [ 000000000000]
writereq_ln55     (writereq     ) [ 000000000000]
trunc_ln          (partselect   ) [ 001111111110]
sext_ln56         (sext         ) [ 000000000000]
INPUT_r_addr      (getelementptr) [ 001111111000]
empty             (readreq      ) [ 000000000000]
call_ln56         (call         ) [ 000000000000]
specinterface_ln0 (specinterface) [ 000000000000]
specinterface_ln0 (specinterface) [ 000000000000]
write_ln63        (write        ) [ 000000000000]
ret_ln63          (ret          ) [ 000000000000]
</LifeTime>

<model>

<comp_list>
<comp id="0" class="1000" name="img_stream">
<pin_list>
<pin id="1" dir="1" index="0" bw="1" slack="0"/>
</pin_list>
<bind>
<StgValue><ssdm name="img_stream"/><MemPortTyVec>0 3 </MemPortTyVec>
</StgValue>
</bind>
</comp>

<comp id="2" class="1000" name="INPUT_r">
<pin_list>
<pin id="3" dir="1" index="0" bw="1" slack="0"/>
</pin_list>
<bind>
<StgValue><ssdm name="INPUT_r"/></StgValue>
</bind>
</comp>

<comp id="4" class="1000" name="image_r">
<pin_list>
<pin id="5" dir="1" index="0" bw="1" slack="0"/>
</pin_list>
<bind>
<StgValue><ssdm name="image_r"/></StgValue>
</bind>
</comp>

<comp id="6" class="1001" name="const_6">
<pin_list>
<pin id="7" dir="1" index="0" bw="1" slack="0"/>
</pin_list>
<bind>
<StgValue><ssdm name="_ssdm_op_Read.ap_auto.i64"/></StgValue>
</bind>
</comp>

<comp id="8" class="1001" name="const_8">
<pin_list>
<pin id="9" dir="1" index="0" bw="1" slack="0"/>
</pin_list>
<bind>
<StgValue><ssdm name="_ssdm_op_WriteReq"/></StgValue>
</bind>
</comp>

<comp id="10" class="1001" name="const_10">
<pin_list>
<pin id="11" dir="1" index="0" bw="1" slack="0"/>
</pin_list>
<bind>
<StgValue><ssdm name=""/></StgValue>
</bind>
</comp>

<comp id="12" class="1001" name="const_12">
<pin_list>
<pin id="13" dir="1" index="0" bw="1" slack="0"/>
</pin_list>
<bind>
<StgValue><ssdm name="_ssdm_op_PartSelect.i62.i64.i32.i32"/></StgValue>
</bind>
</comp>

<comp id="14" class="1001" name="const_14">
<pin_list>
<pin id="15" dir="1" index="0" bw="1" slack="0"/>
</pin_list>
<bind>
<StgValue><ssdm name=""/></StgValue>
</bind>
</comp>

<comp id="16" class="1001" name="const_16">
<pin_list>
<pin id="17" dir="1" index="0" bw="1" slack="0"/>
</pin_list>
<bind>
<StgValue><ssdm name="_ssdm_op_ReadReq.m_axi.p1i32"/></StgValue>
</bind>
</comp>

<comp id="18" class="1001" name="const_18">
<pin_list>
<pin id="19" dir="1" index="0" bw="1" slack="0"/>
</pin_list>
<bind>
<StgValue><ssdm name=""/></StgValue>
</bind>
</comp>

<comp id="20" class="1001" name="const_20">
<pin_list>
<pin id="21" dir="1" index="0" bw="1" slack="0"/>
</pin_list>
<bind>
<StgValue><ssdm name="write_to_stream_Pipeline_clone_for_rows_clone_for_cols"/></StgValue>
</bind>
</comp>

<comp id="22" class="1001" name="const_22">
<pin_list>
<pin id="23" dir="1" index="0" bw="1" slack="2147483647"/>
</pin_list>
<bind>
<StgValue><ssdm name="_ssdm_op_SpecInterface"/></StgValue>
</bind>
</comp>

<comp id="24" class="1001" name="const_24">
<pin_list>
<pin id="25" dir="1" index="0" bw="1" slack="2147483647"/>
</pin_list>
<bind>
<StgValue><ssdm name="empty_22"/></StgValue>
</bind>
</comp>

<comp id="26" class="1001" name="const_26">
<pin_list>
<pin id="27" dir="1" index="0" bw="1" slack="2147483647"/>
</pin_list>
<bind>
<StgValue><ssdm name=""/></StgValue>
</bind>
</comp>

<comp id="28" class="1001" name="const_28">
<pin_list>
<pin id="29" dir="1" index="0" bw="1" slack="2147483647"/>
</pin_list>
<bind>
<StgValue><ssdm name="empty_26"/></StgValue>
</bind>
</comp>

<comp id="30" class="1001" name="const_30">
<pin_list>
<pin id="31" dir="1" index="0" bw="1" slack="2147483647"/>
</pin_list>
<bind>
<StgValue><ssdm name=""/></StgValue>
</bind>
</comp>

<comp id="32" class="1001" name="const_32">
<pin_list>
<pin id="33" dir="1" index="0" bw="1" slack="2147483647"/>
</pin_list>
<bind>
<StgValue><ssdm name=""/></StgValue>
</bind>
</comp>

<comp id="34" class="1001" name="const_34">
<pin_list>
<pin id="35" dir="1" index="0" bw="1" slack="2147483647"/>
</pin_list>
<bind>
<StgValue><ssdm name="empty_5"/></StgValue>
</bind>
</comp>

<comp id="36" class="1001" name="const_36">
<pin_list>
<pin id="37" dir="1" index="0" bw="1" slack="2147483647"/>
</pin_list>
<bind>
<StgValue><ssdm name="empty_3"/></StgValue>
</bind>
</comp>

<comp id="38" class="1001" name="const_38">
<pin_list>
<pin id="39" dir="1" index="0" bw="1" slack="2147483647"/>
</pin_list>
<bind>
<StgValue><ssdm name="empty_4"/></StgValue>
</bind>
</comp>

<comp id="40" class="1001" name="const_40">
<pin_list>
<pin id="41" dir="1" index="0" bw="1" slack="0"/>
</pin_list>
<bind>
<StgValue><ssdm name="_ssdm_op_Write"/></StgValue>
</bind>
</comp>

<comp id="42" class="1004" name="image_read_read_fu_42">
<pin_list>
<pin id="43" dir="0" index="0" bw="64" slack="0"/>
<pin id="44" dir="0" index="1" bw="64" slack="0"/>
<pin id="45" dir="1" index="2" bw="64" slack="0"/>
</pin_list>
<bind>
<opcode="read(1150) " fcode="read"/>
<opset="image_read/1 "/>
</bind>
</comp>

<comp id="48" class="1004" name="writereq_ln55_writereq_fu_48">
<pin_list>
<pin id="49" dir="0" index="0" bw="0" slack="0"/>
<pin id="50" dir="0" index="1" bw="32" slack="0"/>
<pin id="51" dir="0" index="2" bw="3" slack="0"/>
<pin id="52" dir="1" index="3" bw="0" slack="2147483647"/>
</pin_list>
<bind>
<opcode="writereq(1155) " fcode="writereq"/>
<opset="writereq_ln55/1 "/>
</bind>
</comp>

<comp id="56" class="1004" name="grp_readreq_fu_56">
<pin_list>
<pin id="57" dir="0" index="0" bw="1" slack="0"/>
<pin id="58" dir="0" index="1" bw="32" slack="0"/>
<pin id="59" dir="0" index="2" bw="11" slack="0"/>
<pin id="60" dir="1" index="3" bw="1" slack="2147483647"/>
</pin_list>
<bind>
<opcode="readreq(1154) " fcode="readreq"/>
<opset="empty/1 "/>
</bind>
</comp>

<comp id="63" class="1004" name="write_ln63_write_fu_63">
<pin_list>
<pin id="64" dir="0" index="0" bw="0" slack="0"/>
<pin id="65" dir="0" index="1" bw="32" slack="0"/>
<pin id="66" dir="0" index="2" bw="3" slack="0"/>
<pin id="67" dir="1" index="3" bw="0" slack="2147483647"/>
</pin_list>
<bind>
<opcode="write(1151) " fcode="write"/>
<opset="write_ln63/11 "/>
</bind>
</comp>

<comp id="71" class="1004" name="grp_write_to_stream_Pipeline_clone_for_rows_clone_for_cols_fu_71">
<pin_list>
<pin id="72" dir="0" index="0" bw="0" slack="0"/>
<pin id="73" dir="0" index="1" bw="32" slack="0"/>
<pin id="74" dir="0" index="2" bw="62" slack="8"/>
<pin id="75" dir="0" index="3" bw="32" slack="0"/>
<pin id="76" dir="1" index="4" bw="0" slack="2147483647"/>
</pin_list>
<bind>
<opcode="call(48) " fcode="call"/>
<opset="call_ln56/9 "/>
</bind>
</comp>

<comp id="80" class="1004" name="trunc_ln_fu_80">
<pin_list>
<pin id="81" dir="0" index="0" bw="62" slack="0"/>
<pin id="82" dir="0" index="1" bw="64" slack="0"/>
<pin id="83" dir="0" index="2" bw="3" slack="0"/>
<pin id="84" dir="0" index="3" bw="7" slack="0"/>
<pin id="85" dir="1" index="4" bw="62" slack="0"/>
</pin_list>
<bind>
<opcode="partselect(1002) " fcode="partselect"/>
<opset="trunc_ln/1 "/>
</bind>
</comp>

<comp id="90" class="1004" name="sext_ln56_fu_90">
<pin_list>
<pin id="91" dir="0" index="0" bw="62" slack="0"/>
<pin id="92" dir="1" index="1" bw="64" slack="0"/>
</pin_list>
<bind>
<opcode="sext(35) " fcode="sext"/>
<opset="sext_ln56/1 "/>
</bind>
</comp>

<comp id="94" class="1004" name="INPUT_r_addr_fu_94">
<pin_list>
<pin id="95" dir="0" index="0" bw="32" slack="0"/>
<pin id="96" dir="0" index="1" bw="62" slack="0"/>
<pin id="97" dir="1" index="2" bw="32" slack="0"/>
</pin_list>
<bind>
<opcode="getelementptr(29) " fcode="getelementptr"/>
<opset="INPUT_r_addr/1 "/>
</bind>
</comp>

<comp id="101" class="1005" name="trunc_ln_reg_101">
<pin_list>
<pin id="102" dir="0" index="0" bw="62" slack="8"/>
<pin id="103" dir="1" index="1" bw="62" slack="8"/>
</pin_list>
<bind>
<opset="trunc_ln "/>
</bind>
</comp>

<comp id="106" class="1005" name="INPUT_r_addr_reg_106">
<pin_list>
<pin id="107" dir="0" index="0" bw="32" slack="1"/>
<pin id="108" dir="1" index="1" bw="32" slack="1"/>
</pin_list>
<bind>
<opset="INPUT_r_addr "/>
</bind>
</comp>

</comp_list>

<net_list>
<net id="46"><net_src comp="6" pin="0"/><net_sink comp="42" pin=0"/></net>

<net id="47"><net_src comp="4" pin="0"/><net_sink comp="42" pin=1"/></net>

<net id="53"><net_src comp="8" pin="0"/><net_sink comp="48" pin=0"/></net>

<net id="54"><net_src comp="0" pin="0"/><net_sink comp="48" pin=1"/></net>

<net id="55"><net_src comp="10" pin="0"/><net_sink comp="48" pin=2"/></net>

<net id="61"><net_src comp="16" pin="0"/><net_sink comp="56" pin=0"/></net>

<net id="62"><net_src comp="18" pin="0"/><net_sink comp="56" pin=2"/></net>

<net id="68"><net_src comp="40" pin="0"/><net_sink comp="63" pin=0"/></net>

<net id="69"><net_src comp="0" pin="0"/><net_sink comp="63" pin=1"/></net>

<net id="70"><net_src comp="10" pin="0"/><net_sink comp="63" pin=2"/></net>

<net id="77"><net_src comp="20" pin="0"/><net_sink comp="71" pin=0"/></net>

<net id="78"><net_src comp="2" pin="0"/><net_sink comp="71" pin=1"/></net>

<net id="79"><net_src comp="0" pin="0"/><net_sink comp="71" pin=3"/></net>

<net id="86"><net_src comp="12" pin="0"/><net_sink comp="80" pin=0"/></net>

<net id="87"><net_src comp="42" pin="2"/><net_sink comp="80" pin=1"/></net>

<net id="88"><net_src comp="10" pin="0"/><net_sink comp="80" pin=2"/></net>

<net id="89"><net_src comp="14" pin="0"/><net_sink comp="80" pin=3"/></net>

<net id="93"><net_src comp="80" pin="4"/><net_sink comp="90" pin=0"/></net>

<net id="98"><net_src comp="2" pin="0"/><net_sink comp="94" pin=0"/></net>

<net id="99"><net_src comp="90" pin="1"/><net_sink comp="94" pin=1"/></net>

<net id="100"><net_src comp="94" pin="2"/><net_sink comp="56" pin=1"/></net>

<net id="104"><net_src comp="80" pin="4"/><net_sink comp="101" pin=0"/></net>

<net id="105"><net_src comp="101" pin="1"/><net_sink comp="71" pin=2"/></net>

<net id="109"><net_src comp="94" pin="2"/><net_sink comp="106" pin=0"/></net>

<net id="110"><net_src comp="106" pin="1"/><net_sink comp="56" pin=1"/></net>

</net_list>

</model> 
---------------- Datapath Model END ------------------

* FSMD analyzer results:
  - Output states:
	Port: img_stream | {1 9 10 11 }
 - Input state : 
	Port: write_to_stream : INPUT_r | {1 2 3 4 5 6 7 8 9 10 }
	Port: write_to_stream : image_r | {1 }
  - Chain level:
	State 1
		sext_ln56 : 1
		INPUT_r_addr : 2
		empty : 3
	State 2
	State 3
	State 4
	State 5
	State 6
	State 7
	State 8
	State 9
	State 10
	State 11


============================================================
+ Verbose Summary: Datapath Resource usage 
============================================================

* Functional unit list:
|----------|------------------------------------------------------------------|---------|---------|
| Operation|                          Functional Unit                         |    FF   |   LUT   |
|----------|------------------------------------------------------------------|---------|---------|
|   call   | grp_write_to_stream_Pipeline_clone_for_rows_clone_for_cols_fu_71 |   117   |   116   |
|----------|------------------------------------------------------------------|---------|---------|
|   read   |                       image_read_read_fu_42                      |    0    |    0    |
|----------|------------------------------------------------------------------|---------|---------|
| writereq |                   writereq_ln55_writereq_fu_48                   |    0    |    0    |
|----------|------------------------------------------------------------------|---------|---------|
|  readreq |                         grp_readreq_fu_56                        |    0    |    0    |
|----------|------------------------------------------------------------------|---------|---------|
|   write  |                      write_ln63_write_fu_63                      |    0    |    0    |
|----------|------------------------------------------------------------------|---------|---------|
|partselect|                          trunc_ln_fu_80                          |    0    |    0    |
|----------|------------------------------------------------------------------|---------|---------|
|   sext   |                          sext_ln56_fu_90                         |    0    |    0    |
|----------|------------------------------------------------------------------|---------|---------|
|   Total  |                                                                  |   117   |   116   |
|----------|------------------------------------------------------------------|---------|---------|

Memories:
N/A

* Register list:
+--------------------+--------+
|                    |   FF   |
+--------------------+--------+
|INPUT_r_addr_reg_106|   32   |
|  trunc_ln_reg_101  |   62   |
+--------------------+--------+
|        Total       |   94   |
+--------------------+--------+

* Multiplexer (MUX) list: 
|-------------------|------|------|------|--------||---------||---------|
|        Comp       |  Pin | Size |  BW  | S x BW ||  Delay  ||   LUT   |
|-------------------|------|------|------|--------||---------||---------|
| grp_readreq_fu_56 |  p1  |   2  |  32  |   64   ||    9    |
|-------------------|------|------|------|--------||---------||---------|
|       Total       |      |      |      |   64   ||  0.427  ||    9    |
|-------------------|------|------|------|--------||---------||---------|



* Summary:
+-----------+--------+--------+--------+
|           |  Delay |   FF   |   LUT  |
+-----------+--------+--------+--------+
|  Function |    -   |   117  |   116  |
|   Memory  |    -   |    -   |    -   |
|Multiplexer|    0   |    -   |    9   |
|  Register |    -   |   94   |    -   |
+-----------+--------+--------+--------+
|   Total   |    0   |   211  |   125  |
+-----------+--------+--------+--------+
